<?xml version="1.0" encoding="utf-8"?>
<TestRun id="6f205d67-6bcd-45fe-83a8-27b3cbb9c5d6" name="enes_@DESKTOP-H27A2S9 2026-05-30 17:00:55" runUser="DESKTOP-H27A2S9\enes_" xmlns="http://microsoft.com/schemas/VisualStudio/TeamTest/2010">
  <Times creation="2026-05-30T17:00:55.5622773+03:00" queuing="2026-05-30T17:00:55.5622778+03:00" start="2026-05-30T17:00:42.9017734+03:00" finish="2026-05-30T17:08:59.1158123+03:00" />
  <TestSettings name="default" id="6a46ca61-f6c2-429c-9743-de887ace2609">
    <Deployment runDeploymentRoot="enes__DESKTOP-H27A2S9_2026-05-30_17_00_55" />
  </TestSettings>
  <Results>
    <UnitTestResult executionId="a4d87480-897d-4c50-badf-d42f6690e0e9" testId="cbbb7a3b-80ec-6888-f38c-084306e66660" testName="Karar.IntegrationTests.Security.BolaIdrTests.NotificationDismiss_WithoutDeviceToken_Returns401" computerName="DESKTOP-H27A2S9" duration="00:00:00.0077647" startTime="2026-05-30T17:02:58.9250360+03:00" endTime="2026-05-30T17:02:58.9331040+03:00" testType="13cdc9d9-ddb5-4fa4-a97d-d965ccfc6d4b" outcome="Passed" testListId="8c84fa94-04c1-424b-9868-57a2d4851a1d" relativeResultsDirectory="a4d87480-897d-4c50-badf-d42f6690e0e9" />
    <UnitTestResult executionId="6d39be02-5451-445d-a4ae-5b56b7499bbb" testId="3589b4e9-9bec-a0a8-5485-e8c806dc18b4" testName="Karar.IntegrationTests.Security.AccessControlTests.UserEndpoint_WithoutJwt_Returns401(method: &quot;GET&quot;, path: &quot;/api/v1/users/me/karma-history&quot;)" computerName="DESKTOP-H27A2S9" duration="00:00:00.0057018" startTime="2026-05-30T17:03:32.3012926+03:00" endTime="2026-05-30T17:03:32.3074562+03:00" testType="13cdc9d9-ddb5-4fa4-a97d-d965ccfc6d4b" outcome="Passed" testListId="8c84fa94-04c1-424b-9868-57a2d4851a1d" relativeResultsDirectory="6d39be02-5451-445d-a4ae-5b56b7499bbb" />
    <UnitTestResult executionId="24178d01-a7b5-4b5e-87e5-77f6967c2a71" testId="ff608df5-3537-33e8-11a4-dae9c0cb3c18" testName="Karar.IntegrationTests.Security.AccessControlTests.AdminEndpoint_WithoutAnyToken_Returns401(method: &quot;GET&quot;, path: &quot;/api/v1/admin/analytics/feed-quality/timeseries&quot;)" computerName="DESKTOP-H27A2S9" duration="00:00:10.3458737" startTime="2026-05-30T17:08:06.3962370+03:00" endTime="2026-05-30T17:08:16.7421765+03:00" testType="13cdc9d9-ddb5-4fa4-a97d-d965ccfc6d4b" outcome="Passed" testListId="8c84fa94-04c1-424b-9868-57a2d4851a1d" relativeResultsDirectory="24178d01-a7b5-4b5e-87e5-77f6967c2a71" />
    <UnitTestResult executionId="8269e1a5-551b-4c5a-a59d-eb3aaca1dbea" testId="d81c8d79-b720-22e0-2af1-6af224c9c31d" testName="Karar.IntegrationTests.Security.BolaIdrTests.PostStats_WithoutAnyToken_Returns401" computerName="DESKTOP-H27A2S9" duration="00:00:00.0109039" startTime="2026-05-30T17:02:58.9675513+03:00" endTime="2026-05-30T17:02:58.9787892+03:00" testType="13cdc9d9-ddb5-4fa4-a97d-d965ccfc6d4b" outcome="Passed" testListId="8c84fa94-04c1-424b-9868-57a2d4851a1d" relativeResultsDirectory="8269e1a5-551b-4c5a-a59d-eb3aaca1dbea" />
    <UnitTestResult executionId="13d7f4fe-1b80-4423-a20e-6e80fec51f98" testId="167df34c-d3dd-01b2-5ea0-a418587ad1b0" testName="Karar.IntegrationTests.Security.AccessControlTests.AdminSingleResourceEndpoint_WithUserJwt_Returns401(method: &quot;POST&quot;, pathTemplate: &quot;/api/v1/admin/users/{id}/warn&quot;)" computerName="DESKTOP-H27A2S9" duration="00:00:09.1092388" startTime="2026-05-30T17:04:26.2614768+03:00" endTime="2026-05-30T17:04:35.3697673+03:00" testType="13cdc9d9-ddb5-4fa4-a97d-d965ccfc6d4b" outcome="Passed" testListId="8c84fa94-04c1-424b-9868-57a2d4851a1d" relativeResultsDirectory="13d7f4fe-1b80-4423-a20e-6e80fec51f98" />
    <UnitTestResult executionId="9d1557c4-672f-4eeb-8f9a-78504026da30" testId="537267cb-2d7b-fc83-cd01-387a6877285b" testName="Karar.IntegrationTests.Security.AccessControlTests.AdminEndpoint_WithoutAnyToken_Returns401(method: &quot;GET&quot;, path: &quot;/api/v1/admin/analytics/notifications&quot;)" computerName="DESKTOP-H27A2S9" duration="00:00:10.0645574" startTime="2026-05-30T17:06:06.3195631+03:00" endTime="2026-05-30T17:06:16.3844895+03:00" testType="13cdc9d9-ddb5-4fa4-a97d-d965ccfc6d4b" outcome="Passed" testListId="8c84fa94-04c1-424b-9868-57a2d4851a1d" relativeResultsDirectory="9d1557c4-672f-4eeb-8f9a-78504026da30" />
    <UnitTestResult executionId="2ad240e1-b498-4e5d-9005-cf53cd0e8b8a" testId="e23714ae-541c-abc7-e0d3-91d85874a081" testName="Karar.IntegrationTests.Security.AccessControlTests.AdminSingleResourceEndpoint_WithUserJwt_Returns401(method: &quot;POST&quot;, pathTemplate: &quot;/api/v1/admin/users/{id}/strike&quot;)" computerName="DESKTOP-H27A2S9" duration="00:00:05.9000527" startTime="2026-05-30T17:04:35.3701482+03:00" endTime="2026-05-30T17:04:41.2726468+03:00" testType="13cdc9d9-ddb5-4fa4-a97d-d965ccfc6d4b" outcome="Failed" testListId="8c84fa94-04c1-424b-9868-57a2d4851a1d" relativeResultsDirectory="2ad240e1-b498-4e5d-9005-cf53cd0e8b8a">
      <Output>
        <ErrorInfo>
          <Message>Assert.Equal() Failure: Values differ&#xD;
Expected: Unauthorized&#xD;
Actual:   BadRequest</Message>
          <StackTrace>   at Karar.IntegrationTests.Security.AccessControlTests.AdminSingleResourceEndpoint_WithUserJwt_Returns401(String method, String pathTemplate) in C:\Users\enes_\StudioProjects\untitled\tests\Karar.IntegrationTests\Security\AccessControlTests.cs:line 176&#xD;
--- End of stack trace from previous location ---</StackTrace>
        </ErrorInfo>
      </Output>
    </UnitTestResult>
    <UnitTestResult executionId="3150f83b-84a2-4539-a5cf-7857f348f5ec" testId="eacf290d-8996-f794-9d57-56301062826f" testName="Karar.IntegrationTests.Security.AccessControlTests.AdminSingleResourceEndpoint_WithUserJwt_Returns401(method: &quot;GET&quot;, pathTemplate: &quot;/api/v1/admin/categories/{id}/throttle&quot;)" computerName="DESKTOP-H27A2S9" duration="00:00:04.9941268" startTime="2026-05-30T17:04:57.2633699+03:00" endTime="2026-05-30T17:05:02.2573011+03:00" testType="13cdc9d9-ddb5-4fa4-a97d-d965ccfc6d4b" outcome="Failed" testListId="8c84fa94-04c1-424b-9868-57a2d4851a1d" relativeResultsDirectory="3150f83b-84a2-4539-a5cf-7857f348f5ec">
      <Output>
        <ErrorInfo>
          <Message>Assert.Equal() Failure: Values differ&#xD;
Expected: Unauthorized&#xD;
Actual:   NotFound</Message>
          <StackTrace>   at Karar.IntegrationTests.Security.AccessControlTests.AdminSingleResourceEndpoint_WithUserJwt_Returns401(String method, String pathTemplate) in C:\Users\enes_\StudioProjects\untitled\tests\Karar.IntegrationTests\Security\AccessControlTests.cs:line 176&#xD;
--- End of stack trace from previous location ---</StackTrace>
        </ErrorInfo>
      </Output>
    </UnitTestResult>
    <UnitTestResult executionId="be3104aa-2396-4524-85b0-ea5e3ab180b9" testId="a50f17c9-3737-51ac-f7af-18efffe7fb93" testName="Karar.IntegrationTests.Security.AccessControlTests.AdminEndpoint_WithoutAnyToken_Returns401(method: &quot;GET&quot;, path: &quot;/api/v1/admin/analytics/growth&quot;)" computerName="DESKTOP-H27A2S9" duration="00:00:10.0019429" startTime="2026-05-30T17:06:56.3438907+03:00" endTime="2026-05-30T17:07:06.3462764+03:00" testType="13cdc9d9-ddb5-4fa4-a97d-d965ccfc6d4b" outcome="Passed" testListId="8c84fa94-04c1-424b-9868-57a2d4851a1d" relativeResultsDirectory="be3104aa-2396-4524-85b0-ea5e3ab180b9" />
    <UnitTestResult executionId="ce5eea32-d9cc-4383-aae1-275c7a94665d" testId="c0d3560d-f3be-a689-8a46-a01b8e12f9ff" testName="Karar.IntegrationTests.Security.BolaIdrTests.FollowCategory_WithoutJwt_Returns401OrBadRequest" computerName="DESKTOP-H27A2S9" duration="00:00:00.0087886" startTime="2026-05-30T17:02:58.8497947+03:00" endTime="2026-05-30T17:02:58.8593796+03:00" testType="13cdc9d9-ddb5-4fa4-a97d-d965ccfc6d4b" outcome="Passed" testListId="8c84fa94-04c1-424b-9868-57a2d4851a1d" relativeResultsDirectory="ce5eea32-d9cc-4383-aae1-275c7a94665d" />
    <UnitTestResult executionId="25e4fd6f-53f5-446f-9843-671112567dc0" testId="a631d789-ab0e-c793-ee62-545e183d5fce" testName="Karar.IntegrationTests.Security.AccessControlTests.AdminSingleResourceEndpoint_WithUserJwt_Returns401(method: &quot;GET&quot;, pathTemplate: &quot;/api/v1/admin/users/{id}&quot;)" computerName="DESKTOP-H27A2S9" duration="00:00:09.9681918" startTime="2026-05-30T17:04:10.3758403+03:00" endTime="2026-05-30T17:04:20.3439216+03:00" testType="13cdc9d9-ddb5-4fa4-a97d-d965ccfc6d4b" outcome="Passed" testListId="8c84fa94-04c1-424b-9868-57a2d4851a1d" relativeResultsDirectory="25e4fd6f-53f5-446f-9843-671112567dc0" />
    <UnitTestResult executionId="52552185-c0d0-4778-9dcc-b69d1ddaeb08" testId="8a99fdc7-64aa-4525-d4bf-9cd97589beb5" testName="Karar.IntegrationTests.Security.AccessControlTests.AdminEndpoint_WithoutAnyToken_Returns401(method: &quot;GET&quot;, path: &quot;/api/v1/admin/analytics/moderation&quot;)" computerName="DESKTOP-H27A2S9" duration="00:00:09.7660110" startTime="2026-05-30T17:07:26.9741711+03:00" endTime="2026-05-30T17:07:36.7404769+03:00" testType="13cdc9d9-ddb5-4fa4-a97d-d965ccfc6d4b" outcome="Passed" testListId="8c84fa94-04c1-424b-9868-57a2d4851a1d" relativeResultsDirectory="52552185-c0d0-4778-9dcc-b69d1ddaeb08" />
    <UnitTestResult executionId="929a0cc2-597c-4d39-8822-33e1d728368e" testId="49d3bc04-3d50-9df8-eb27-085ac850721a" testName="Karar.IntegrationTests.Security.BolaIdrTests.UpdateComment_WithoutAnyToken_Returns401" computerName="DESKTOP-H27A2S9" duration="00:00:00.0126760" startTime="2026-05-30T17:02:58.8744813+03:00" endTime="2026-05-30T17:02:58.8879284+03:00" testType="13cdc9d9-ddb5-4fa4-a97d-d965ccfc6d4b" outcome="Passed" testListId="8c84fa94-04c1-424b-9868-57a2d4851a1d" relativeResultsDirectory="929a0cc2-597c-4d39-8822-33e1d728368e" />
    <UnitTestResult executionId="e590453d-08d3-488e-9f50-fa59ac259b97" testId="58e6b076-fc95-7627-502c-1e97db034cfe" testName="Karar.IntegrationTests.Security.MassAssignmentTests.SubmitReport_WithFakeMetadata_IsBlockedAtAuthLayer" computerName="DESKTOP-H27A2S9" duration="00:00:05.7022433" startTime="2026-05-30T17:00:55.5307983+03:00" endTime="2026-05-30T17:01:01.1902876+03:00" testType="13cdc9d9-ddb5-4fa4-a97d-d965ccfc6d4b" outcome="Passed" testListId="8c84fa94-04c1-424b-9868-57a2d4851a1d" relativeResultsDirectory="e590453d-08d3-488e-9f50-fa59ac259b97" />
    <UnitTestResult executionId="8aa1f6fa-9325-4732-a1b9-98ef08465049" testId="c47f1b8d-4d70-b9b0-8ea7-a67e3369f86e" testName="Karar.IntegrationTests.Security.AccessControlTests.UserEndpoint_WithoutJwt_Returns401(method: &quot;GET&quot;, path: &quot;/api/v1/users/me/posts&quot;)" computerName="DESKTOP-H27A2S9" duration="00:00:00.0059522" startTime="2026-05-30T17:03:32.2784787+03:00" endTime="2026-05-30T17:03:32.2848041+03:00" testType="13cdc9d9-ddb5-4fa4-a97d-d965ccfc6d4b" outcome="Passed" testListId="8c84fa94-04c1-424b-9868-57a2d4851a1d" relativeResultsDirectory="8aa1f6fa-9325-4732-a1b9-98ef08465049" />
    <UnitTestResult executionId="6f5f6a66-1a43-4e44-83fb-07340ee4e72b" testId="cfeb0eff-16c4-3c67-473c-816690246b25" testName="Karar.IntegrationTests.Security.AccessControlTests.AdminSingleResourceEndpoint_WithUserJwt_Returns401(method: &quot;POST&quot;, pathTemplate: &quot;/api/v1/admin/appeals/{id}/decide&quot;)" computerName="DESKTOP-H27A2S9" duration="00:00:09.9998906" startTime="2026-05-30T17:05:41.3719564+03:00" endTime="2026-05-30T17:05:51.3719693+03:00" testType="13cdc9d9-ddb5-4fa4-a97d-d965ccfc6d4b" outcome="Passed" testListId="8c84fa94-04c1-424b-9868-57a2d4851a1d" relativeResultsDirectory="6f5f6a66-1a43-4e44-83fb-07340ee4e72b" />
    <UnitTestResult executionId="dd38257c-256c-4587-965d-e0a02cf1d717" testId="115138fc-de44-44e4-5943-28cf12f42f2e" testName="Karar.IntegrationTests.Security.BolaIdrTests.AdminWriteEndpoint_WithUserJwt_Returns401(method: &quot;POST&quot;, pathTemplate: &quot;/api/v1/admin/users/bulk&quot;)" computerName="DESKTOP-H27A2S9" duration="00:00:10.0105183" startTime="2026-05-30T17:02:18.8516052+03:00" endTime="2026-05-30T17:02:28.8622841+03:00" testType="13cdc9d9-ddb5-4fa4-a97d-d965ccfc6d4b" outcome="Passed" testListId="8c84fa94-04c1-424b-9868-57a2d4851a1d" relativeResultsDirectory="dd38257c-256c-4587-965d-e0a02cf1d717" />
    <UnitTestResult executionId="0bfb7e0b-66ec-42fa-9a57-b1aba8c15c3e" testId="86975010-3fa2-7c15-8b99-6bd87029fa10" testName="Karar.IntegrationTests.Security.AccessControlTests.UserEndpoint_WithoutJwt_Returns401(method: &quot;PUT&quot;, path: &quot;/api/v1/users/me/password&quot;)" computerName="DESKTOP-H27A2S9" duration="00:00:00.0079299" startTime="2026-05-30T17:03:38.3047429+03:00" endTime="2026-05-30T17:03:38.3130523+03:00" testType="13cdc9d9-ddb5-4fa4-a97d-d965ccfc6d4b" outcome="Passed" testListId="8c84fa94-04c1-424b-9868-57a2d4851a1d" relativeResultsDirectory="0bfb7e0b-66ec-42fa-9a57-b1aba8c15c3e" />
    <UnitTestResult executionId="e2df5244-da63-4b99-9af0-a6260b912719" testId="7ecf90f3-6ecd-ae51-32eb-d7e170f663d4" testName="Karar.IntegrationTests.Security.AccessControlTests.AdminSingleResourceEndpoint_WithUserJwt_Returns401(method: &quot;POST&quot;, pathTemplate: &quot;/api/v1/admin/users/{id}/ban&quot;)" computerName="DESKTOP-H27A2S9" duration="00:00:10.0787521" startTime="2026-05-30T17:03:50.2816346+03:00" endTime="2026-05-30T17:04:00.3481192+03:00" testType="13cdc9d9-ddb5-4fa4-a97d-d965ccfc6d4b" outcome="Passed" testListId="8c84fa94-04c1-424b-9868-57a2d4851a1d" relativeResultsDirectory="e2df5244-da63-4b99-9af0-a6260b912719" />
    <UnitTestResult executionId="23cd1ea3-7ce4-4a77-881b-b1f9cfa5a15c" testId="ea857e90-baa8-9fba-e94e-18bb048664bc" testName="Karar.IntegrationTests.Security.AccessControlTests.UserEndpoint_WithoutJwt_Returns401(method: &quot;GET&quot;, path: &quot;/api/v1/auth/2fa/backup-codes/count&quot;)" computerName="DESKTOP-H27A2S9" duration="00:00:00.0128286" startTime="2026-05-30T17:03:32.2655672+03:00" endTime="2026-05-30T17:03:32.2782486+03:00" testType="13cdc9d9-ddb5-4fa4-a97d-d965ccfc6d4b" outcome="Passed" testListId="8c84fa94-04c1-424b-9868-57a2d4851a1d" relativeResultsDirectory="23cd1ea3-7ce4-4a77-881b-b1f9cfa5a15c" />
    <UnitTestResult executionId="2415ade5-e90a-4ff3-82bc-7ec1ae9bd60d" testId="741742ab-1a30-e5c5-af8e-36c7e717f7ee" testName="Karar.IntegrationTests.Security.AccessControlTests.UserEndpoint_WithoutJwt_Returns401(method: &quot;DELETE&quot;, path: &quot;/api/v1/notifications/mute&quot;)" computerName="DESKTOP-H27A2S9" duration="00:00:00.0052073" startTime="2026-05-30T17:03:32.3452384+03:00" endTime="2026-05-30T17:03:32.3509043+03:00" testType="13cdc9d9-ddb5-4fa4-a97d-d965ccfc6d4b" outcome="Passed" testListId="8c84fa94-04c1-424b-9868-57a2d4851a1d" relativeResultsDirectory="2415ade5-e90a-4ff3-82bc-7ec1ae9bd60d" />
    <UnitTestResult executionId="0928a989-a334-4dfa-ace2-d12db8ce2b5e" testId="321087e9-a4fb-8e51-ea9d-98db468373dd" testName="Karar.IntegrationTests.Security.AccessControlTests.AdminEndpoint_WithoutAnyToken_Returns401(method: &quot;GET&quot;, path: &quot;/api/v1/admin/actions&quot;)" computerName="DESKTOP-H27A2S9" duration="00:00:09.9804525" startTime="2026-05-30T17:08:46.3461361+03:00" endTime="2026-05-30T17:08:56.3265836+03:00" testType="13cdc9d9-ddb5-4fa4-a97d-d965ccfc6d4b" outcome="Passed" testListId="8c84fa94-04c1-424b-9868-57a2d4851a1d" relativeResultsDirectory="0928a989-a334-4dfa-ace2-d12db8ce2b5e" />
    <UnitTestResult executionId="9d17e554-6480-4f46-b561-42abd4ce4434" testId="e43eed74-23f6-376d-8c44-e1625205db02" testName="Karar.IntegrationTests.Security.MassAssignmentTests.UpdateProfile_WithElevationFields_IsBlockedAtAuthLayer" computerName="DESKTOP-H27A2S9" duration="00:00:00.0328117" startTime="2026-05-30T17:01:13.1492671+03:00" endTime="2026-05-30T17:01:13.1820383+03:00" testType="13cdc9d9-ddb5-4fa4-a97d-d965ccfc6d4b" outcome="Passed" testListId="8c84fa94-04c1-424b-9868-57a2d4851a1d" relativeResultsDirectory="9d17e554-6480-4f46-b561-42abd4ce4434" />
    <UnitTestResult executionId="1369f330-d5ce-4775-8faf-62839df4b723" testId="12ecd970-cbb4-1b48-8ece-c86ad989d01a" testName="Karar.IntegrationTests.Security.BolaIdrTests.UnblockUser_WithoutJwt_Returns401" computerName="DESKTOP-H27A2S9" duration="00:00:00.0127814" startTime="2026-05-30T17:01:48.8496876+03:00" endTime="2026-05-30T17:01:48.8621787+03:00" testType="13cdc9d9-ddb5-4fa4-a97d-d965ccfc6d4b" outcome="Passed" testListId="8c84fa94-04c1-424b-9868-57a2d4851a1d" relativeResultsDirectory="1369f330-d5ce-4775-8faf-62839df4b723" />
    <UnitTestResult executionId="8a272d6b-dffc-4351-b17d-897efa5b83e5" testId="d602d125-3be7-9807-991d-1475bfe751dc" testName="Karar.IntegrationTests.Security.AccessControlTests.UserEndpoint_WithoutJwt_Returns401(method: &quot;POST&quot;, path: &quot;/api/v1/auth/change-email/request&quot;)" computerName="DESKTOP-H27A2S9" duration="00:00:19.2655371" startTime="2026-05-30T17:03:12.9985915+03:00" endTime="2026-05-30T17:03:32.2648136+03:00" testType="13cdc9d9-ddb5-4fa4-a97d-d965ccfc6d4b" outcome="Passed" testListId="8c84fa94-04c1-424b-9868-57a2d4851a1d" relativeResultsDirectory="8a272d6b-dffc-4351-b17d-897efa5b83e5" />
    <UnitTestResult executionId="ecc14070-0b2e-4f44-85d7-fe58b824fb21" testId="973ee77d-3be1-9e1d-5380-688e72debe13" testName="Karar.IntegrationTests.Security.AccessControlTests.AdminSingleResourceEndpoint_WithUserJwt_Returns401(method: &quot;POST&quot;, pathTemplate: &quot;/api/v1/admin/archive/comments/{id}/restore&quot;)" computerName="DESKTOP-H27A2S9" duration="00:00:05.9656787" startTime="2026-05-30T17:03:44.2975505+03:00" endTime="2026-05-30T17:03:50.2696183+03:00" testType="13cdc9d9-ddb5-4fa4-a97d-d965ccfc6d4b" outcome="Failed" testListId="8c84fa94-04c1-424b-9868-57a2d4851a1d" relativeResultsDirectory="ecc14070-0b2e-4f44-85d7-fe58b824fb21">
      <Output>
        <ErrorInfo>
          <Message>Assert.Equal() Failure: Values differ&#xD;
Expected: Unauthorized&#xD;
Actual:   NotFound</Message>
          <StackTrace>   at Karar.IntegrationTests.Security.AccessControlTests.AdminSingleResourceEndpoint_WithUserJwt_Returns401(String method, String pathTemplate) in C:\Users\enes_\StudioProjects\untitled\tests\Karar.IntegrationTests\Security\AccessControlTests.cs:line 176&#xD;
--- End of stack trace from previous location ---</StackTrace>
        </ErrorInfo>
      </Output>
    </UnitTestResult>
    <UnitTestResult executionId="5b01fecb-88c6-4087-8276-2f9ae2cae010" testId="b3858bab-2d91-058d-4912-38c1a5284b84" testName="Karar.IntegrationTests.Security.AccessControlTests.AdminSingleResourceEndpoint_WithUserJwt_Returns401(method: &quot;GET&quot;, pathTemplate: &quot;/api/v1/admin/archive/posts/{id}&quot;)" computerName="DESKTOP-H27A2S9" duration="00:00:05.9149322" startTime="2026-05-30T17:04:20.3473060+03:00" endTime="2026-05-30T17:04:26.2600267+03:00" testType="13cdc9d9-ddb5-4fa4-a97d-d965ccfc6d4b" outcome="Failed" testListId="8c84fa94-04c1-424b-9868-57a2d4851a1d" relativeResultsDirectory="5b01fecb-88c6-4087-8276-2f9ae2cae010">
      <Output>
        <ErrorInfo>
          <Message>Assert.Equal() Failure: Values differ&#xD;
Expected: Unauthorized&#xD;
Actual:   NotFound</Message>
          <StackTrace>   at Karar.IntegrationTests.Security.AccessControlTests.AdminSingleResourceEndpoint_WithUserJwt_Returns401(String method, String pathTemplate) in C:\Users\enes_\StudioProjects\untitled\tests\Karar.IntegrationTests\Security\AccessControlTests.cs:line 176&#xD;
--- End of stack trace from previous location ---</StackTrace>
        </ErrorInfo>
      </Output>
    </UnitTestResult>
    <UnitTestResult executionId="c769e8b9-0c74-4dd8-b931-02fd931203e3" testId="c625b11a-6f5f-d9b9-7dab-b27cf2e333b7" testName="Karar.IntegrationTests.Security.MassAssignmentTests.AdminAction_WithForgedAdminClaim_IsRejected" computerName="DESKTOP-H27A2S9" duration="00:00:10.2858383" startTime="2026-05-30T17:01:25.1331949+03:00" endTime="2026-05-30T17:01:35.4195681+03:00" testType="13cdc9d9-ddb5-4fa4-a97d-d965ccfc6d4b" outcome="Passed" testListId="8c84fa94-04c1-424b-9868-57a2d4851a1d" relativeResultsDirectory="c769e8b9-0c74-4dd8-b931-02fd931203e3" />
    <UnitTestResult executionId="94868f94-444f-42c4-8dfa-fc9b533b31a8" testId="1c3c8f3c-49c1-69a2-dd11-bfa593ae79ba" testName="Karar.IntegrationTests.Security.BolaIdrTests.UpdatePost_WithoutAnyToken_Returns401" computerName="DESKTOP-H27A2S9" duration="00:00:00.0107604" startTime="2026-05-30T17:03:12.9857843+03:00" endTime="2026-05-30T17:03:12.9969651+03:00" testType="13cdc9d9-ddb5-4fa4-a97d-d965ccfc6d4b" outcome="Passed" testListId="8c84fa94-04c1-424b-9868-57a2d4851a1d" relativeResultsDirectory="94868f94-444f-42c4-8dfa-fc9b533b31a8" />
    <UnitTestResult executionId="3218e32b-8a75-416e-b51b-8ab0b5520fd5" testId="667be2cc-a96a-1fea-9cf7-f5771a347422" testName="Karar.IntegrationTests.Security.AccessControlTests.UserEndpoint_WithoutJwt_Returns401(method: &quot;GET&quot;, path: &quot;/api/v1/notifications/unread-count&quot;)" computerName="DESKTOP-H27A2S9" duration="00:00:00.0059712" startTime="2026-05-30T17:03:38.2744389+03:00" endTime="2026-05-30T17:03:38.2794132+03:00" testType="13cdc9d9-ddb5-4fa4-a97d-d965ccfc6d4b" outcome="Passed" testListId="8c84fa94-04c1-424b-9868-57a2d4851a1d" relativeResultsDirectory="3218e32b-8a75-416e-b51b-8ab0b5520fd5" />
    <UnitTestResult executionId="d20c05b9-4cb6-47f7-b616-d6ad61e891b0" testId="9c05775b-553c-bcd5-acbd-1d62f2219668" testName="Karar.IntegrationTests.Security.AccessControlTests.AdminEndpoint_WithoutAnyToken_Returns401(method: &quot;GET&quot;, path: &quot;/api/v1/admin/automod/rules&quot;)" computerName="DESKTOP-H27A2S9" duration="00:00:09.6106889" startTime="2026-05-30T17:08:16.7427682+03:00" endTime="2026-05-30T17:08:26.3535460+03:00" testType="13cdc9d9-ddb5-4fa4-a97d-d965ccfc6d4b" outcome="Passed" testListId="8c84fa94-04c1-424b-9868-57a2d4851a1d" relativeResultsDirectory="d20c05b9-4cb6-47f7-b616-d6ad61e891b0" />
    <UnitTestResult executionId="a10a87e0-3ee2-4813-85d0-b91556012f82" testId="57dda8f2-a7f5-6213-cf17-1061ad920359" testName="Karar.IntegrationTests.Security.AccessControlTests.AdminEndpoint_WithoutAnyToken_Returns401(method: &quot;GET&quot;, path: &quot;/api/v1/admin/categories/health&quot;)" computerName="DESKTOP-H27A2S9" duration="00:00:10.0095167" startTime="2026-05-30T17:08:26.3541500+03:00" endTime="2026-05-30T17:08:36.3638483+03:00" testType="13cdc9d9-ddb5-4fa4-a97d-d965ccfc6d4b" outcome="Passed" testListId="8c84fa94-04c1-424b-9868-57a2d4851a1d" relativeResultsDirectory="a10a87e0-3ee2-4813-85d0-b91556012f82" />
    <UnitTestResult executionId="8f164dde-3679-4eac-9fef-6ad1559f2c8b" testId="d6c362dc-b774-303b-9e66-a6e703659bfe" testName="Karar.IntegrationTests.Security.AccessControlTests.AdminEndpoint_WithoutAnyToken_Returns401(method: &quot;GET&quot;, path: &quot;/api/v1/admin/analytics/feed-quality&quot;)" computerName="DESKTOP-H27A2S9" duration="00:00:10.0013212" startTime="2026-05-30T17:06:46.3419866+03:00" endTime="2026-05-30T17:06:56.3434603+03:00" testType="13cdc9d9-ddb5-4fa4-a97d-d965ccfc6d4b" outcome="Passed" testListId="8c84fa94-04c1-424b-9868-57a2d4851a1d" relativeResultsDirectory="8f164dde-3679-4eac-9fef-6ad1559f2c8b" />
    <UnitTestResult executionId="884f2d5b-2082-4fa0-acc2-8e9debe61d3b" testId="8b098afa-b08b-b687-01e6-49f6f3f4574a" testName="Karar.IntegrationTests.Security.AccessControlTests.AdminEndpoint_WithoutAnyToken_Returns401(method: &quot;GET&quot;, path: &quot;/api/v1/admin/devices/suspicious&quot;)" computerName="DESKTOP-H27A2S9" duration="00:00:09.6148642" startTime="2026-05-30T17:07:36.7409635+03:00" endTime="2026-05-30T17:07:46.3565174+03:00" testType="13cdc9d9-ddb5-4fa4-a97d-d965ccfc6d4b" outcome="Passed" testListId="8c84fa94-04c1-424b-9868-57a2d4851a1d" relativeResultsDirectory="884f2d5b-2082-4fa0-acc2-8e9debe61d3b" />
    <UnitTestResult executionId="66eeff6e-479b-4a9c-b746-b40989150db0" testId="8d19bb9a-aaf3-bcd1-d5b7-0ba67a9ec47f" testName="Karar.IntegrationTests.Security.AccessControlTests.UserEndpoint_WithoutJwt_Returns401(method: &quot;GET&quot;, path: &quot;/api/v1/users/me/notification-preferences&quot;)" computerName="DESKTOP-H27A2S9" duration="00:00:00.0048914" startTime="2026-05-30T17:03:38.3216768+03:00" endTime="2026-05-30T17:03:38.3272237+03:00" testType="13cdc9d9-ddb5-4fa4-a97d-d965ccfc6d4b" outcome="Passed" testListId="8c84fa94-04c1-424b-9868-57a2d4851a1d" relativeResultsDirectory="66eeff6e-479b-4a9c-b746-b40989150db0" />
    <UnitTestResult executionId="0ff6729f-bccc-4e2a-996e-3f6e7105fdea" testId="95861e82-5e1a-d3db-f37e-a63b15e3c3db" testName="Karar.IntegrationTests.Security.MassAssignmentTests.CastVote_WithExtraManipulationFields_IsBlockedAtAuthLayer" computerName="DESKTOP-H27A2S9" duration="00:00:10.4865359" startTime="2026-05-30T17:00:44.9705131+03:00" endTime="2026-05-30T17:00:55.4824900+03:00" testType="13cdc9d9-ddb5-4fa4-a97d-d965ccfc6d4b" outcome="Passed" testListId="8c84fa94-04c1-424b-9868-57a2d4851a1d" relativeResultsDirectory="0ff6729f-bccc-4e2a-996e-3f6e7105fdea" />
    <UnitTestResult executionId="6851d5aa-0374-4c03-8932-049724f4d63c" testId="857ef539-bcc9-c48f-2d17-5f9d58bec322" testName="Karar.IntegrationTests.Security.BolaIdrTests.FeaturePost_WithUserJwt_Returns401" computerName="DESKTOP-H27A2S9" duration="00:00:09.8495648" startTime="2026-05-30T17:02:59.0085992+03:00" endTime="2026-05-30T17:03:08.8585907+03:00" testType="13cdc9d9-ddb5-4fa4-a97d-d965ccfc6d4b" outcome="Passed" testListId="8c84fa94-04c1-424b-9868-57a2d4851a1d" relativeResultsDirectory="6851d5aa-0374-4c03-8932-049724f4d63c" />
    <UnitTestResult executionId="02c03c03-ea8d-43dd-8d50-b3cb0415f7fc" testId="43fedfd6-1897-2145-315e-1fee87cf52db" testName="Karar.IntegrationTests.Security.AccessControlTests.AdminEndpoint_WithoutAnyToken_Returns401(method: &quot;GET&quot;, path: &quot;/api/v1/admin/analytics/feed-quality/export&quot;)" computerName="DESKTOP-H27A2S9" duration="00:00:10.0169728" startTime="2026-05-30T17:06:26.3503180+03:00" endTime="2026-05-30T17:06:36.3674742+03:00" testType="13cdc9d9-ddb5-4fa4-a97d-d965ccfc6d4b" outcome="Passed" testListId="8c84fa94-04c1-424b-9868-57a2d4851a1d" relativeResultsDirectory="02c03c03-ea8d-43dd-8d50-b3cb0415f7fc" />
    <UnitTestResult executionId="dc017c69-fc85-44ac-b36a-4ecee65c69be" testId="1ea7452b-58d7-36ff-a28b-4d75bec7f181" testName="Karar.IntegrationTests.Security.AccessControlTests.UserEndpoint_WithoutJwt_Returns401(method: &quot;POST&quot;, path: &quot;/api/v1/auth/2fa/setup&quot;)" computerName="DESKTOP-H27A2S9" duration="00:00:00.0042509" startTime="2026-05-30T17:03:38.2683221+03:00" endTime="2026-05-30T17:03:38.2727940+03:00" testType="13cdc9d9-ddb5-4fa4-a97d-d965ccfc6d4b" outcome="Passed" testListId="8c84fa94-04c1-424b-9868-57a2d4851a1d" relativeResultsDirectory="dc017c69-fc85-44ac-b36a-4ecee65c69be" />
    <UnitTestResult executionId="3c8dd854-a9fd-4406-8e62-60278b5fdbb3" testId="7eb12c0f-a846-8eb6-c3d0-384076228665" testName="Karar.IntegrationTests.Security.AccessControlTests.UserEndpoint_WithoutJwt_Returns401(method: &quot;POST&quot;, path: &quot;/api/v1/auth/2fa/enable&quot;)" computerName="DESKTOP-H27A2S9" duration="00:00:00.0048792" startTime="2026-05-30T17:03:32.3076272+03:00" endTime="2026-05-30T17:03:32.3129509+03:00" testType="13cdc9d9-ddb5-4fa4-a97d-d965ccfc6d4b" outcome="Passed" testListId="8c84fa94-04c1-424b-9868-57a2d4851a1d" relativeResultsDirectory="3c8dd854-a9fd-4406-8e62-60278b5fdbb3" />
    <UnitTestResult executionId="cdf7f6d0-0f47-49ad-9593-ceb5699127ed" testId="fae3ca03-6231-f7bf-e535-0a8388c405a2" testName="Karar.IntegrationTests.Security.AccessControlTests.AdminSingleResourceEndpoint_WithUserJwt_Returns401(method: &quot;POST&quot;, pathTemplate: &quot;/api/v1/admin/users/{id}/unban&quot;)" computerName="DESKTOP-H27A2S9" duration="00:00:10.0261108" startTime="2026-05-30T17:04:00.3489112+03:00" endTime="2026-05-30T17:04:10.3750281+03:00" testType="13cdc9d9-ddb5-4fa4-a97d-d965ccfc6d4b" outcome="Passed" testListId="8c84fa94-04c1-424b-9868-57a2d4851a1d" relativeResultsDirectory="cdf7f6d0-0f47-49ad-9593-ceb5699127ed" />
    <UnitTestResult executionId="4cc098e1-340a-473c-91b1-28ce23fdbb01" testId="42c5c111-24bc-0e8b-d78f-11a56c78c136" testName="Karar.IntegrationTests.Security.BolaIdrTests.DeletePost_WithoutAnyToken_Returns401" computerName="DESKTOP-H27A2S9" duration="00:00:00.0071340" startTime="2026-05-30T17:02:58.9594262+03:00" endTime="2026-05-30T17:02:58.9671513+03:00" testType="13cdc9d9-ddb5-4fa4-a97d-d965ccfc6d4b" outcome="Passed" testListId="8c84fa94-04c1-424b-9868-57a2d4851a1d" relativeResultsDirectory="4cc098e1-340a-473c-91b1-28ce23fdbb01" />
    <UnitTestResult executionId="312cae4a-f769-4db1-aa76-6b4502ee45f3" testId="6543e47e-edf9-019b-90bd-5a4472980aef" testName="Karar.IntegrationTests.Security.MassAssignmentTests.Login_WithExtraFields_DoesNotCrash" computerName="DESKTOP-H27A2S9" duration="00:00:11.9574140" startTime="2026-05-30T17:01:01.1978201+03:00" endTime="2026-05-30T17:01:13.1484047+03:00" testType="13cdc9d9-ddb5-4fa4-a97d-d965ccfc6d4b" outcome="Passed" testListId="8c84fa94-04c1-424b-9868-57a2d4851a1d" relativeResultsDirectory="312cae4a-f769-4db1-aa76-6b4502ee45f3" />
    <UnitTestResult executionId="42c8e0ba-7507-492b-b8dc-d2917daa448d" testId="3a6de7b0-f00f-aac6-50b8-46ddc8445509" testName="Karar.IntegrationTests.Security.AccessControlTests.AdminSingleResourceEndpoint_WithUserJwt_Returns401(method: &quot;GET&quot;, pathTemplate: &quot;/api/v1/admin/archive/comments/{id}&quot;)" computerName="DESKTOP-H27A2S9" duration="00:00:05.8967308" startTime="2026-05-30T17:04:51.3648347+03:00" endTime="2026-05-30T17:04:57.2623480+03:00" testType="13cdc9d9-ddb5-4fa4-a97d-d965ccfc6d4b" outcome="Failed" testListId="8c84fa94-04c1-424b-9868-57a2d4851a1d" relativeResultsDirectory="42c8e0ba-7507-492b-b8dc-d2917daa448d">
      <Output>
        <ErrorInfo>
          <Message>Assert.Equal() Failure: Values differ&#xD;
Expected: Unauthorized&#xD;
Actual:   NotFound</Message>
          <StackTrace>   at Karar.IntegrationTests.Security.AccessControlTests.AdminSingleResourceEndpoint_WithUserJwt_Returns401(String method, String pathTemplate) in C:\Users\enes_\StudioProjects\untitled\tests\Karar.IntegrationTests\Security\AccessControlTests.cs:line 176&#xD;
--- End of stack trace from previous location ---</StackTrace>
        </ErrorInfo>
      </Output>
    </UnitTestResult>
    <UnitTestResult executionId="5e63707a-3a48-4c31-bb4f-b2857329a01d" testId="0d1965b2-d3f6-6044-f999-13dbce3adde8" testName="Karar.IntegrationTests.Security.AccessControlTests.UserEndpoint_WithoutJwt_Returns401(method: &quot;POST&quot;, path: &quot;/api/v1/notifications/clear-read&quot;)" computerName="DESKTOP-H27A2S9" duration="00:00:00.0046549" startTime="2026-05-30T17:03:32.3510685+03:00" endTime="2026-05-30T17:03:32.3567236+03:00" testType="13cdc9d9-ddb5-4fa4-a97d-d965ccfc6d4b" outcome="Passed" testListId="8c84fa94-04c1-424b-9868-57a2d4851a1d" relativeResultsDirectory="5e63707a-3a48-4c31-bb4f-b2857329a01d" />
    <UnitTestResult executionId="b6198c57-75fa-4d14-87ca-648436191479" testId="ceb872da-0b06-3434-528e-6f0c00e4b1d3" testName="Karar.IntegrationTests.Security.BolaIdrTests.AdminWriteEndpoint_WithUserJwt_Returns401(method: &quot;DELETE&quot;, pathTemplate: &quot;/api/v1/admin/comments/{id}&quot;)" computerName="DESKTOP-H27A2S9" duration="00:00:10.0299824" startTime="2026-05-30T17:02:38.8505953+03:00" endTime="2026-05-30T17:02:48.8815321+03:00" testType="13cdc9d9-ddb5-4fa4-a97d-d965ccfc6d4b" outcome="Passed" testListId="8c84fa94-04c1-424b-9868-57a2d4851a1d" relativeResultsDirectory="b6198c57-75fa-4d14-87ca-648436191479" />
    <UnitTestResult executionId="44f12228-2c1a-42e9-9f36-ef4cb00b3ac6" testId="cb40d1b5-7e04-4b65-175c-e6c9100a0d66" testName="Karar.IntegrationTests.Security.AccessControlTests.AdminSingleResourceEndpoint_WithUserJwt_Returns401(method: &quot;GET&quot;, pathTemplate: &quot;/api/v1/admin/users/{id}/strikes&quot;)" computerName="DESKTOP-H27A2S9" duration="00:00:10.0292783" startTime="2026-05-30T17:05:31.3421316+03:00" endTime="2026-05-30T17:05:41.3714816+03:00" testType="13cdc9d9-ddb5-4fa4-a97d-d965ccfc6d4b" outcome="Passed" testListId="8c84fa94-04c1-424b-9868-57a2d4851a1d" relativeResultsDirectory="44f12228-2c1a-42e9-9f36-ef4cb00b3ac6" />
    <UnitTestResult executionId="a11589ed-e8cc-4b98-a25b-da6ed2e74bb5" testId="ed1bd844-9a7a-46b9-e612-e3bd98b8bef2" testName="Karar.IntegrationTests.Security.AccessControlTests.UserEndpoint_WithoutJwt_Returns401(method: &quot;POST&quot;, path: &quot;/api/v1/auth/2fa/disable&quot;)" computerName="DESKTOP-H27A2S9" duration="00:00:00.0049389" startTime="2026-05-30T17:03:32.2951692+03:00" endTime="2026-05-30T17:03:32.3010883+03:00" testType="13cdc9d9-ddb5-4fa4-a97d-d965ccfc6d4b" outcome="Passed" testListId="8c84fa94-04c1-424b-9868-57a2d4851a1d" relativeResultsDirectory="a11589ed-e8cc-4b98-a25b-da6ed2e74bb5" />
    <UnitTestResult executionId="5bfb01fc-cb29-4f52-b10b-7dd39dc577a7" testId="2c5aa195-941c-93e7-56ca-449c9ee11905" testName="Karar.IntegrationTests.Security.BolaIdrTests.AdminWriteEndpoint_WithUserJwt_Returns401(method: &quot;POST&quot;, pathTemplate: &quot;/api/v1/admin/users/{id}/delete&quot;)" computerName="DESKTOP-H27A2S9" duration="00:00:09.9964061" startTime="2026-05-30T17:01:58.8565508+03:00" endTime="2026-05-30T17:02:08.8546532+03:00" testType="13cdc9d9-ddb5-4fa4-a97d-d965ccfc6d4b" outcome="Passed" testListId="8c84fa94-04c1-424b-9868-57a2d4851a1d" relativeResultsDirectory="5bfb01fc-cb29-4f52-b10b-7dd39dc577a7" />
    <UnitTestResult executionId="b08014b7-029e-4c7d-b972-48b990a83fc1" testId="8ed18060-4ac3-f640-7a05-e77374141dce" testName="Karar.IntegrationTests.Security.AccessControlTests.UserEndpoint_WithoutJwt_Returns401(method: &quot;POST&quot;, path: &quot;/api/v1/auth/2fa/backup-codes&quot;)" computerName="DESKTOP-H27A2S9" duration="00:00:05.9045127" startTime="2026-05-30T17:03:32.3628821+03:00" endTime="2026-05-30T17:03:38.2678549+03:00" testType="13cdc9d9-ddb5-4fa4-a97d-d965ccfc6d4b" outcome="Passed" testListId="8c84fa94-04c1-424b-9868-57a2d4851a1d" relativeResultsDirectory="b08014b7-029e-4c7d-b972-48b990a83fc1" />
    <UnitTestResult executionId="6e36d4bb-b5b7-4b61-bd33-11051c9c645d" testId="d4adc7f9-ece5-bd74-89d6-b315951bf0e7" testName="Karar.IntegrationTests.Security.BolaIdrTests.NotificationRead_WithoutDeviceToken_Returns401" computerName="DESKTOP-H27A2S9" duration="00:00:13.4082827" startTime="2026-05-30T17:01:35.4403262+03:00" endTime="2026-05-30T17:01:48.8487485+03:00" testType="13cdc9d9-ddb5-4fa4-a97d-d965ccfc6d4b" outcome="Passed" testListId="8c84fa94-04c1-424b-9868-57a2d4851a1d" relativeResultsDirectory="6e36d4bb-b5b7-4b61-bd33-11051c9c645d" />
    <UnitTestResult executionId="7de49ef7-f63f-4a29-9494-a57d047f141b" testId="6cdd2e88-3e3a-b7ee-a35a-db265c70902a" testName="Karar.IntegrationTests.Security.AccessControlTests.UserEndpoint_WithoutJwt_Returns401(method: &quot;PUT&quot;, path: &quot;/api/v1/notifications/read-all&quot;)" computerName="DESKTOP-H27A2S9" duration="00:00:00.0045570" startTime="2026-05-30T17:03:32.3317872+03:00" endTime="2026-05-30T17:03:32.3361461+03:00" testType="13cdc9d9-ddb5-4fa4-a97d-d965ccfc6d4b" outcome="Passed" testListId="8c84fa94-04c1-424b-9868-57a2d4851a1d" relativeResultsDirectory="7de49ef7-f63f-4a29-9494-a57d047f141b" />
    <UnitTestResult executionId="143d2233-c734-4b82-99eb-5f3899741808" testId="98f8f8c3-7ba6-a5df-2b2d-2ee2d357ec77" testName="Karar.IntegrationTests.Security.BolaIdrTests.BlockUser_WithoutJwt_Returns401" computerName="DESKTOP-H27A2S9" duration="00:00:00.0136010" startTime="2026-05-30T17:02:58.8597189+03:00" endTime="2026-05-30T17:02:58.8736975+03:00" testType="13cdc9d9-ddb5-4fa4-a97d-d965ccfc6d4b" outcome="Passed" testListId="8c84fa94-04c1-424b-9868-57a2d4851a1d" relativeResultsDirectory="143d2233-c734-4b82-99eb-5f3899741808" />
    <UnitTestResult executionId="1d2b3df9-4d21-4ac4-975c-da42cbf224e4" testId="9743ea50-4aa6-a244-91a7-f32943fa5346" testName="Karar.IntegrationTests.Security.AccessControlTests.UserEndpoint_WithoutJwt_Returns401(method: &quot;GET&quot;, path: &quot;/api/v1/users/me/comments&quot;)" computerName="DESKTOP-H27A2S9" duration="00:00:00.0053340" startTime="2026-05-30T17:03:32.3571294+03:00" endTime="2026-05-30T17:03:32.3627026+03:00" testType="13cdc9d9-ddb5-4fa4-a97d-d965ccfc6d4b" outcome="Passed" testListId="8c84fa94-04c1-424b-9868-57a2d4851a1d" relativeResultsDirectory="1d2b3df9-4d21-4ac4-975c-da42cbf224e4" />
    <UnitTestResult executionId="b0bffd71-c2ac-41d3-9e41-315bcac01db1" testId="6ed790b2-3b06-46e1-83fc-705a8ed38009" testName="Karar.IntegrationTests.Security.BolaIdrTests.PinComment_WithoutJwt_Returns401" computerName="DESKTOP-H27A2S9" duration="00:00:00.0108900" startTime="2026-05-30T17:03:12.9649732+03:00" endTime="2026-05-30T17:03:12.9759835+03:00" testType="13cdc9d9-ddb5-4fa4-a97d-d965ccfc6d4b" outcome="Passed" testListId="8c84fa94-04c1-424b-9868-57a2d4851a1d" relativeResultsDirectory="b0bffd71-c2ac-41d3-9e41-315bcac01db1" />
    <UnitTestResult executionId="7447c76b-743d-48ee-b0b8-c0f78f8682a7" testId="d775806e-8824-0a4a-7ed7-9b556bd1cb6f" testName="Karar.IntegrationTests.Security.MassAssignmentTests.CreatePost_WithProtectedFields_IsBlockedAtAuthLayer" computerName="DESKTOP-H27A2S9" duration="00:00:11.9498102" startTime="2026-05-30T17:01:13.1824342+03:00" endTime="2026-05-30T17:01:25.1325290+03:00" testType="13cdc9d9-ddb5-4fa4-a97d-d965ccfc6d4b" outcome="Passed" testListId="8c84fa94-04c1-424b-9868-57a2d4851a1d" relativeResultsDirectory="7447c76b-743d-48ee-b0b8-c0f78f8682a7" />
    <UnitTestResult executionId="76c78f43-14d3-46ff-8d48-fc6d8bab8d7a" testId="f641a60e-e636-e7e0-a94f-ff004f4b429e" testName="Karar.IntegrationTests.Security.BolaIdrTests.AdminWriteEndpoint_WithUserJwt_Returns401(method: &quot;POST&quot;, pathTemplate: &quot;/api/v1/admin/devices/ban-subnet&quot;)" computerName="DESKTOP-H27A2S9" duration="00:00:09.9927441" startTime="2026-05-30T17:01:48.8625749+03:00" endTime="2026-05-30T17:01:58.8557973+03:00" testType="13cdc9d9-ddb5-4fa4-a97d-d965ccfc6d4b" outcome="Passed" testListId="8c84fa94-04c1-424b-9868-57a2d4851a1d" relativeResultsDirectory="76c78f43-14d3-46ff-8d48-fc6d8bab8d7a" />
    <UnitTestResult executionId="61d6cab1-6ab8-44fa-b549-db5d845d8ad3" testId="07bb5767-d2f2-3c3b-600e-257199e7c788" testName="Karar.IntegrationTests.Security.AccessControlTests.AdminSingleResourceEndpoint_WithUserJwt_Returns401(method: &quot;GET&quot;, pathTemplate: &quot;/api/v1/admin/users/{id}/data-export&quot;)" computerName="DESKTOP-H27A2S9" duration="00:00:10.0007646" startTime="2026-05-30T17:05:11.3617100+03:00" endTime="2026-05-30T17:05:21.3622095+03:00" testType="13cdc9d9-ddb5-4fa4-a97d-d965ccfc6d4b" outcome="Passed" testListId="8c84fa94-04c1-424b-9868-57a2d4851a1d" relativeResultsDirectory="61d6cab1-6ab8-44fa-b549-db5d845d8ad3" />
    <UnitTestResult executionId="ae6845ae-b3bf-4c2c-b0ad-db29a06ff934" testId="8b9f4777-7a97-7540-8ad4-fc024a324611" testName="Karar.IntegrationTests.Security.AccessControlTests.AdminSingleResourceEndpoint_WithUserJwt_Returns401(method: &quot;GET&quot;, pathTemplate: &quot;/api/v1/admin/devices/{id}&quot;)" computerName="DESKTOP-H27A2S9" duration="00:00:10.0910331" startTime="2026-05-30T17:04:41.2839759+03:00" endTime="2026-05-30T17:04:51.3642966+03:00" testType="13cdc9d9-ddb5-4fa4-a97d-d965ccfc6d4b" outcome="Passed" testListId="8c84fa94-04c1-424b-9868-57a2d4851a1d" relativeResultsDirectory="ae6845ae-b3bf-4c2c-b0ad-db29a06ff934" />
    <UnitTestResult executionId="6aff4e4d-21b6-4fc0-9bf6-d6ddfb242794" testId="8f60b5f8-e707-c741-68ae-04e8c744fb79" testName="Karar.IntegrationTests.Security.BolaIdrTests.CastVote_WithoutDeviceToken_Returns401OrBadRequest" computerName="DESKTOP-H27A2S9" duration="00:00:00.0354851" startTime="2026-05-30T17:02:58.8883912+03:00" endTime="2026-05-30T17:02:58.9246053+03:00" testType="13cdc9d9-ddb5-4fa4-a97d-d965ccfc6d4b" outcome="Passed" testListId="8c84fa94-04c1-424b-9868-57a2d4851a1d" relativeResultsDirectory="6aff4e4d-21b6-4fc0-9bf6-d6ddfb242794" />
    <UnitTestResult executionId="3dcd30a3-82cc-4ebc-a975-d5220a260122" testId="dbf146f5-22e0-ef83-2051-80e50990c0b1" testName="Karar.IntegrationTests.Security.AccessControlTests.UserEndpoint_WithoutJwt_Returns401(method: &quot;PUT&quot;, path: &quot;/api/v1/users/me/notification-preferences&quot;)" computerName="DESKTOP-H27A2S9" duration="00:00:00.0094130" startTime="2026-05-30T17:03:44.2830790+03:00" endTime="2026-05-30T17:03:44.2972374+03:00" testType="13cdc9d9-ddb5-4fa4-a97d-d965ccfc6d4b" outcome="Passed" testListId="8c84fa94-04c1-424b-9868-57a2d4851a1d" relativeResultsDirectory="3dcd30a3-82cc-4ebc-a975-d5220a260122" />
    <UnitTestResult executionId="71e29ab0-c3fe-4eb9-9a77-c47e6b0f7d27" testId="aff3b242-4ac3-a542-82ce-1158a788e420" testName="Karar.IntegrationTests.Security.AccessControlTests.AdminEndpoint_WithoutAnyToken_Returns401(method: &quot;GET&quot;, path: &quot;/api/v1/admin/analytics/overview&quot;)" computerName="DESKTOP-H27A2S9" duration="00:00:10.5975229" startTime="2026-05-30T17:07:16.3442848+03:00" endTime="2026-05-30T17:07:26.9736743+03:00" testType="13cdc9d9-ddb5-4fa4-a97d-d965ccfc6d4b" outcome="Passed" testListId="8c84fa94-04c1-424b-9868-57a2d4851a1d" relativeResultsDirectory="71e29ab0-c3fe-4eb9-9a77-c47e6b0f7d27" />
    <UnitTestResult executionId="59434086-11b9-4176-81fa-d44fc6210101" testId="6d0bd91c-06ff-f2c8-0ede-bb089bea9aef" testName="Karar.IntegrationTests.Security.AccessControlTests.AdminEndpoint_WithoutAnyToken_Returns401(method: &quot;GET&quot;, path: &quot;/api/v1/admin/analytics/cache&quot;)" computerName="DESKTOP-H27A2S9" duration="00:00:09.9638844" startTime="2026-05-30T17:06:16.3853771+03:00" endTime="2026-05-30T17:06:26.3498031+03:00" testType="13cdc9d9-ddb5-4fa4-a97d-d965ccfc6d4b" outcome="Passed" testListId="8c84fa94-04c1-424b-9868-57a2d4851a1d" relativeResultsDirectory="59434086-11b9-4176-81fa-d44fc6210101" />
    <UnitTestResult executionId="f047fecb-02c9-4414-b6b2-8055ff2c8288" testId="a3bd16ad-969b-5660-9950-47bfd8a84287" testName="Karar.IntegrationTests.Security.BolaIdrTests.GetPost_ForRandomGuid_Returns404NotOk" computerName="DESKTOP-H27A2S9" duration="00:00:04.1050131" startTime="2026-05-30T17:03:08.8592617+03:00" endTime="2026-05-30T17:03:12.9643306+03:00" testType="13cdc9d9-ddb5-4fa4-a97d-d965ccfc6d4b" outcome="Passed" testListId="8c84fa94-04c1-424b-9868-57a2d4851a1d" relativeResultsDirectory="f047fecb-02c9-4414-b6b2-8055ff2c8288" />
    <UnitTestResult executionId="f11c6ca7-1c45-4f97-aefb-64b1f8cd2c4d" testId="7de19e02-857b-d018-94dc-5bd41a41c04e" testName="Karar.IntegrationTests.Security.BolaIdrTests.AdminWriteEndpoint_WithUserJwt_Returns401(method: &quot;DELETE&quot;, pathTemplate: &quot;/api/v1/admin/posts/{id}&quot;)" computerName="DESKTOP-H27A2S9" duration="00:00:09.9870730" startTime="2026-05-30T17:02:28.8628606+03:00" endTime="2026-05-30T17:02:38.8499730+03:00" testType="13cdc9d9-ddb5-4fa4-a97d-d965ccfc6d4b" outcome="Passed" testListId="8c84fa94-04c1-424b-9868-57a2d4851a1d" relativeResultsDirectory="f11c6ca7-1c45-4f97-aefb-64b1f8cd2c4d" />
    <UnitTestResult executionId="7619b2a0-dd61-4260-b6e7-ed22e4fee24f" testId="7188ff02-daa2-89f0-1201-8d6d4a76c6b6" testName="Karar.IntegrationTests.Security.AccessControlTests.UserEndpoint_WithoutJwt_Returns401(method: &quot;GET&quot;, path: &quot;/api/v1/notifications&quot;)" computerName="DESKTOP-H27A2S9" duration="00:00:00.0057526" startTime="2026-05-30T17:03:32.3132283+03:00" endTime="2026-05-30T17:03:32.3193436+03:00" testType="13cdc9d9-ddb5-4fa4-a97d-d965ccfc6d4b" outcome="Passed" testListId="8c84fa94-04c1-424b-9868-57a2d4851a1d" relativeResultsDirectory="7619b2a0-dd61-4260-b6e7-ed22e4fee24f" />
    <UnitTestResult executionId="b355414d-946a-45c6-8b61-014365f0fbd3" testId="7bf7c529-9c41-4906-fc1e-8f35e61626da" testName="Karar.IntegrationTests.Security.BolaIdrTests.DeleteSession_WithoutJwt_Returns401" computerName="DESKTOP-H27A2S9" duration="00:00:00.0068977" startTime="2026-05-30T17:02:59.0009829+03:00" endTime="2026-05-30T17:02:59.0082573+03:00" testType="13cdc9d9-ddb5-4fa4-a97d-d965ccfc6d4b" outcome="Passed" testListId="8c84fa94-04c1-424b-9868-57a2d4851a1d" relativeResultsDirectory="b355414d-946a-45c6-8b61-014365f0fbd3" />
    <UnitTestResult executionId="16f9ff5e-a668-4a93-b37d-cc7035598f23" testId="9c3787ee-3af0-ce66-996e-7cfc4b31d86f" testName="Karar.IntegrationTests.Security.AccessControlTests.AdminEndpoint_WithoutAnyToken_Returns401(method: &quot;GET&quot;, path: &quot;/api/v1/admin/appeals&quot;)" computerName="DESKTOP-H27A2S9" duration="00:00:09.9736136" startTime="2026-05-30T17:06:36.3679025+03:00" endTime="2026-05-30T17:06:46.3416032+03:00" testType="13cdc9d9-ddb5-4fa4-a97d-d965ccfc6d4b" outcome="Passed" testListId="8c84fa94-04c1-424b-9868-57a2d4851a1d" relativeResultsDirectory="16f9ff5e-a668-4a93-b37d-cc7035598f23" />
    <UnitTestResult executionId="36c530b2-cac5-4a46-bcc3-17bd4f1d8edb" testId="d09cd209-7517-a3fc-dc9d-7d8fce646169" testName="Karar.IntegrationTests.Security.AccessControlTests.UserEndpoint_WithoutJwt_Returns401(method: &quot;GET&quot;, path: &quot;/api/v1/users/me/weekly-stats&quot;)" computerName="DESKTOP-H27A2S9" duration="00:00:00.0081409" startTime="2026-05-30T17:03:38.2874479+03:00" endTime="2026-05-30T17:03:38.2959940+03:00" testType="13cdc9d9-ddb5-4fa4-a97d-d965ccfc6d4b" outcome="Passed" testListId="8c84fa94-04c1-424b-9868-57a2d4851a1d" relativeResultsDirectory="36c530b2-cac5-4a46-bcc3-17bd4f1d8edb" />
    <UnitTestResult executionId="48fafae4-e65b-433e-97d1-0e73b0277515" testId="4a18a277-09e1-c614-ea95-8c8db29b3d1e" testName="Karar.IntegrationTests.Security.AccessControlTests.AdminSingleResourceEndpoint_WithUserJwt_Returns401(method: &quot;POST&quot;, pathTemplate: &quot;/api/v1/admin/devices/{id}/unban&quot;)" computerName="DESKTOP-H27A2S9" duration="00:00:09.1026069" startTime="2026-05-30T17:05:02.2585228+03:00" endTime="2026-05-30T17:05:11.3609356+03:00" testType="13cdc9d9-ddb5-4fa4-a97d-d965ccfc6d4b" outcome="Passed" testListId="8c84fa94-04c1-424b-9868-57a2d4851a1d" relativeResultsDirectory="48fafae4-e65b-433e-97d1-0e73b0277515" />
    <UnitTestResult executionId="8c4ec8ce-a59f-4e98-beeb-2df2951ac00d" testId="bd88696d-2040-3fe0-6728-f8b30c969df6" testName="Karar.IntegrationTests.Security.AccessControlTests.UserEndpoint_WithoutJwt_Returns401(method: &quot;POST&quot;, path: &quot;/api/v1/notifications/mute&quot;)" computerName="DESKTOP-H27A2S9" duration="00:00:00.0070992" startTime="2026-05-30T17:03:38.2796640+03:00" endTime="2026-05-30T17:03:38.2871977+03:00" testType="13cdc9d9-ddb5-4fa4-a97d-d965ccfc6d4b" outcome="Passed" testListId="8c84fa94-04c1-424b-9868-57a2d4851a1d" relativeResultsDirectory="8c4ec8ce-a59f-4e98-beeb-2df2951ac00d" />
    <UnitTestResult executionId="5e1e74ff-97fa-4032-ae6a-064af805b0fc" testId="8810b7a9-f5c6-7598-f13c-c30d8eb86f85" testName="Karar.IntegrationTests.Security.BolaIdrTests.OgRoute_ForRandomGuid_IsNotOk" computerName="DESKTOP-H27A2S9" duration="00:00:00.0121518" startTime="2026-05-30T17:02:58.9884673+03:00" endTime="2026-05-30T17:02:59.0006778+03:00" testType="13cdc9d9-ddb5-4fa4-a97d-d965ccfc6d4b" outcome="Passed" testListId="8c84fa94-04c1-424b-9868-57a2d4851a1d" relativeResultsDirectory="5e1e74ff-97fa-4032-ae6a-064af805b0fc" />
    <UnitTestResult executionId="1ff1fad1-638d-4c16-b7c2-3de20e3119e9" testId="c5768bd9-5145-e3ff-7430-525d90425cf6" testName="Karar.IntegrationTests.Security.AccessControlTests.UserEndpoint_WithoutJwt_Returns401(method: &quot;GET&quot;, path: &quot;/api/v1/users/me/saved&quot;)" computerName="DESKTOP-H27A2S9" duration="00:00:00.0081258" startTime="2026-05-30T17:03:44.2747058+03:00" endTime="2026-05-30T17:03:44.2828634+03:00" testType="13cdc9d9-ddb5-4fa4-a97d-d965ccfc6d4b" outcome="Passed" testListId="8c84fa94-04c1-424b-9868-57a2d4851a1d" relativeResultsDirectory="1ff1fad1-638d-4c16-b7c2-3de20e3119e9" />
    <UnitTestResult executionId="44d27af2-8807-417d-a8fc-4dedc0788f8f" testId="e83f055c-12a6-74a0-69d9-ac91cf8a65d7" testName="Karar.IntegrationTests.Security.BolaIdrTests.AdminWriteEndpoint_WithUserJwt_Returns401(method: &quot;POST&quot;, pathTemplate: &quot;/api/v1/admin/reports/{id}/action&quot;)" computerName="DESKTOP-H27A2S9" duration="00:00:09.9662667" startTime="2026-05-30T17:02:48.8825079+03:00" endTime="2026-05-30T17:02:58.8490471+03:00" testType="13cdc9d9-ddb5-4fa4-a97d-d965ccfc6d4b" outcome="Passed" testListId="8c84fa94-04c1-424b-9868-57a2d4851a1d" relativeResultsDirectory="44d27af2-8807-417d-a8fc-4dedc0788f8f" />
    <UnitTestResult executionId="1287a0a3-ccd3-445c-a50a-9b4d51f1a068" testId="00001cd3-42d8-dd80-2db2-0f7c5f8c5282" testName="Karar.IntegrationTests.Security.BolaIdrTests.UnpinComment_WithoutJwt_Returns401" computerName="DESKTOP-H27A2S9" duration="00:00:00.0078270" startTime="2026-05-30T17:02:58.9795962+03:00" endTime="2026-05-30T17:02:58.9878261+03:00" testType="13cdc9d9-ddb5-4fa4-a97d-d965ccfc6d4b" outcome="Passed" testListId="8c84fa94-04c1-424b-9868-57a2d4851a1d" relativeResultsDirectory="1287a0a3-ccd3-445c-a50a-9b4d51f1a068" />
    <UnitTestResult executionId="4b206060-a65c-4bb1-a057-9d9c348cc197" testId="c58c3556-648d-41c8-2dfe-b73f638f8321" testName="Karar.IntegrationTests.Security.AccessControlTests.UserEndpoint_WithoutJwt_Returns401(method: &quot;GET&quot;, path: &quot;/api/v1/users/me/sessions&quot;)" computerName="DESKTOP-H27A2S9" duration="00:00:00.0076761" startTime="2026-05-30T17:03:38.2961784+03:00" endTime="2026-05-30T17:03:38.3044045+03:00" testType="13cdc9d9-ddb5-4fa4-a97d-d965ccfc6d4b" outcome="Passed" testListId="8c84fa94-04c1-424b-9868-57a2d4851a1d" relativeResultsDirectory="4b206060-a65c-4bb1-a057-9d9c348cc197" />
    <UnitTestResult executionId="86bf34b0-75b8-4476-aaef-39da154d24df" testId="7e77420f-9db4-4b89-0722-dcd6a390421e" testName="Karar.IntegrationTests.Security.AccessControlTests.UserEndpoint_WithoutJwt_Returns401(method: &quot;GET&quot;, path: &quot;/api/v1/users/me&quot;)" computerName="DESKTOP-H27A2S9" duration="00:00:00.0043792" startTime="2026-05-30T17:03:32.3262992+03:00" endTime="2026-05-30T17:03:32.3309947+03:00" testType="13cdc9d9-ddb5-4fa4-a97d-d965ccfc6d4b" outcome="Passed" testListId="8c84fa94-04c1-424b-9868-57a2d4851a1d" relativeResultsDirectory="86bf34b0-75b8-4476-aaef-39da154d24df" />
    <UnitTestResult executionId="4ef2913d-d6d1-4597-9400-5fc1525268e0" testId="de2fe994-80c4-8e67-9809-651bf8420082" testName="Karar.IntegrationTests.Security.AccessControlTests.AdminSingleResourceEndpoint_WithUserJwt_Returns401(method: &quot;POST&quot;, pathTemplate: &quot;/api/v1/admin/archive/posts/{id}/restore&quot;)" computerName="DESKTOP-H27A2S9" duration="00:00:05.8879389" startTime="2026-05-30T17:05:51.3724587+03:00" endTime="2026-05-30T17:05:57.2609235+03:00" testType="13cdc9d9-ddb5-4fa4-a97d-d965ccfc6d4b" outcome="Failed" testListId="8c84fa94-04c1-424b-9868-57a2d4851a1d" relativeResultsDirectory="4ef2913d-d6d1-4597-9400-5fc1525268e0">
      <Output>
        <ErrorInfo>
          <Message>Assert.Equal() Failure: Values differ&#xD;
Expected: Unauthorized&#xD;
Actual:   NotFound</Message>
          <StackTrace>   at Karar.IntegrationTests.Security.AccessControlTests.AdminSingleResourceEndpoint_WithUserJwt_Returns401(String method, String pathTemplate) in C:\Users\enes_\StudioProjects\untitled\tests\Karar.IntegrationTests\Security\AccessControlTests.cs:line 176&#xD;
--- End of stack trace from previous location ---</StackTrace>
        </ErrorInfo>
      </Output>
    </UnitTestResult>
    <UnitTestResult executionId="0cd8b45c-3792-4f54-8151-8d2711db71a8" testId="c278ab79-343a-a5cb-c894-ef8424c20eb3" testName="Karar.IntegrationTests.Security.AccessControlTests.UserEndpoint_WithoutJwt_Returns401(method: &quot;POST&quot;, path: &quot;/api/v1/auth/change-email/confirm&quot;)" computerName="DESKTOP-H27A2S9" duration="00:00:05.9366559" startTime="2026-05-30T17:03:38.3375432+03:00" endTime="2026-05-30T17:03:44.2741244+03:00" testType="13cdc9d9-ddb5-4fa4-a97d-d965ccfc6d4b" outcome="Passed" testListId="8c84fa94-04c1-424b-9868-57a2d4851a1d" relativeResultsDirectory="0cd8b45c-3792-4f54-8151-8d2711db71a8" />
    <UnitTestResult executionId="55e8e415-2f03-4889-98bf-19614d610a6e" testId="59974ebe-2edd-143f-9348-05c209138637" testName="Karar.IntegrationTests.Security.BolaIdrTests.ModerationAppeal_WithoutJwt_Returns401" computerName="DESKTOP-H27A2S9" duration="00:00:00.0145060" startTime="2026-05-30T17:02:58.9333373+03:00" endTime="2026-05-30T17:02:58.9483780+03:00" testType="13cdc9d9-ddb5-4fa4-a97d-d965ccfc6d4b" outcome="Passed" testListId="8c84fa94-04c1-424b-9868-57a2d4851a1d" relativeResultsDirectory="55e8e415-2f03-4889-98bf-19614d610a6e" />
    <UnitTestResult executionId="7fc2083b-faca-4455-bc8e-c1440958d35c" testId="041e8e8c-8cfb-b6aa-af3d-366aade43287" testName="Karar.IntegrationTests.Security.AccessControlTests.UserEndpoint_WithoutJwt_Returns401(method: &quot;GET&quot;, path: &quot;/api/v1/users/me/moderation-history&quot;)" computerName="DESKTOP-H27A2S9" duration="00:00:00.0077905" startTime="2026-05-30T17:03:38.3132215+03:00" endTime="2026-05-30T17:03:38.3214975+03:00" testType="13cdc9d9-ddb5-4fa4-a97d-d965ccfc6d4b" outcome="Passed" testListId="8c84fa94-04c1-424b-9868-57a2d4851a1d" relativeResultsDirectory="7fc2083b-faca-4455-bc8e-c1440958d35c" />
    <UnitTestResult executionId="7bedfd68-3b9d-4d3f-8a66-c119d2b7cebc" testId="17bea35c-8d80-1358-9a72-c500b99a140c" testName="Karar.IntegrationTests.Security.AccessControlTests.AdminEndpoint_WithoutAnyToken_Returns401(method: &quot;GET&quot;, path: &quot;/api/v1/admin/analytics/feed-quality/posts&quot;)" computerName="DESKTOP-H27A2S9" duration="00:00:09.9969704" startTime="2026-05-30T17:07:06.3467663+03:00" endTime="2026-05-30T17:07:16.3438796+03:00" testType="13cdc9d9-ddb5-4fa4-a97d-d965ccfc6d4b" outcome="Passed" testListId="8c84fa94-04c1-424b-9868-57a2d4851a1d" relativeResultsDirectory="7bedfd68-3b9d-4d3f-8a66-c119d2b7cebc" />
    <UnitTestResult executionId="2f89cf8d-c9b6-4a40-9743-7d2fc999f0f3" testId="03b915cd-1f7a-a18d-339f-165b6f50043b" testName="Karar.IntegrationTests.Security.BolaIdrTests.DeleteComment_WithoutAnyToken_Returns401" computerName="DESKTOP-H27A2S9" duration="00:00:00.0100598" startTime="2026-05-30T17:02:58.9486198+03:00" endTime="2026-05-30T17:02:58.9591896+03:00" testType="13cdc9d9-ddb5-4fa4-a97d-d965ccfc6d4b" outcome="Passed" testListId="8c84fa94-04c1-424b-9868-57a2d4851a1d" relativeResultsDirectory="2f89cf8d-c9b6-4a40-9743-7d2fc999f0f3" />
    <UnitTestResult executionId="ada09ffe-6c9c-4924-af3b-df463af517e8" testId="4c48f552-1f65-dd27-6c12-177f222006f5" testName="Karar.IntegrationTests.Security.AccessControlTests.AdminEndpoint_WithoutAnyToken_Returns401(method: &quot;GET&quot;, path: &quot;/api/v1/admin/analytics/moderators&quot;)" computerName="DESKTOP-H27A2S9" duration="00:00:09.9811815" startTime="2026-05-30T17:08:36.3643608+03:00" endTime="2026-05-30T17:08:46.3455485+03:00" testType="13cdc9d9-ddb5-4fa4-a97d-d965ccfc6d4b" outcome="Passed" testListId="8c84fa94-04c1-424b-9868-57a2d4851a1d" relativeResultsDirectory="ada09ffe-6c9c-4924-af3b-df463af517e8" />
    <UnitTestResult executionId="560970ad-ef14-440e-8164-5e87c89e4a98" testId="c316ae89-ebc0-3c70-a671-41308b85eef3" testName="Karar.IntegrationTests.Security.AccessControlTests.AdminEndpoint_WithoutAnyToken_Returns401(method: &quot;GET&quot;, path: &quot;/api/v1/admin/comments&quot;)" computerName="DESKTOP-H27A2S9" duration="00:00:09.9722636" startTime="2026-05-30T17:07:56.4233176+03:00" endTime="2026-05-30T17:08:06.3956675+03:00" testType="13cdc9d9-ddb5-4fa4-a97d-d965ccfc6d4b" outcome="Passed" testListId="8c84fa94-04c1-424b-9868-57a2d4851a1d" relativeResultsDirectory="560970ad-ef14-440e-8164-5e87c89e4a98" />
    <UnitTestResult executionId="727c7bbd-8b77-4f40-a11d-39de36255c6a" testId="4a874126-2663-e650-b7ab-f85cbf23b88f" testName="Karar.IntegrationTests.Security.BolaIdrTests.MuteCategory_WithoutJwt_Returns401OrBadRequest" computerName="DESKTOP-H27A2S9" duration="00:00:00.0082273" startTime="2026-05-30T17:03:12.9762266+03:00" endTime="2026-05-30T17:03:12.9853699+03:00" testType="13cdc9d9-ddb5-4fa4-a97d-d965ccfc6d4b" outcome="Passed" testListId="8c84fa94-04c1-424b-9868-57a2d4851a1d" relativeResultsDirectory="727c7bbd-8b77-4f40-a11d-39de36255c6a" />
    <UnitTestResult executionId="44bf13fb-4727-4380-977a-706f5d9f722c" testId="b794e1fd-4893-c032-ba3d-506cf3367873" testName="Karar.IntegrationTests.Security.AccessControlTests.AdminSingleResourceEndpoint_WithUserJwt_Returns401(method: &quot;POST&quot;, pathTemplate: &quot;/api/v1/admin/devices/{id}/ban&quot;)" computerName="DESKTOP-H27A2S9" duration="00:00:09.9782657" startTime="2026-05-30T17:05:21.3625862+03:00" endTime="2026-05-30T17:05:31.3415073+03:00" testType="13cdc9d9-ddb5-4fa4-a97d-d965ccfc6d4b" outcome="Passed" testListId="8c84fa94-04c1-424b-9868-57a2d4851a1d" relativeResultsDirectory="44bf13fb-4727-4380-977a-706f5d9f722c" />
    <UnitTestResult executionId="09d29add-568e-4ae9-ac19-617eb72efb60" testId="5a44a7e1-e4d8-6eee-25c7-4baac4d7d128" testName="Karar.IntegrationTests.Security.AccessControlTests.UserEndpoint_WithoutJwt_Returns401(method: &quot;DELETE&quot;, path: &quot;/api/v1/users/me&quot;)" computerName="DESKTOP-H27A2S9" duration="00:00:00.0089969" startTime="2026-05-30T17:03:38.3274776+03:00" endTime="2026-05-30T17:03:38.3368691+03:00" testType="13cdc9d9-ddb5-4fa4-a97d-d965ccfc6d4b" outcome="Passed" testListId="8c84fa94-04c1-424b-9868-57a2d4851a1d" relativeResultsDirectory="09d29add-568e-4ae9-ac19-617eb72efb60" />
    <UnitTestResult executionId="c2f0fe7c-fb17-4048-89a6-073caea2ca5c" testId="b5a258a9-4ccc-b9db-b0b1-65dd7f186fa4" testName="Karar.IntegrationTests.Security.AccessControlTests.AdminEndpoint_WithoutAnyToken_Returns401(method: &quot;GET&quot;, path: &quot;/api/v1/admin/users&quot;)" computerName="DESKTOP-H27A2S9" duration="00:00:10.0628125" startTime="2026-05-30T17:07:46.3594994+03:00" endTime="2026-05-30T17:07:56.4228795+03:00" testType="13cdc9d9-ddb5-4fa4-a97d-d965ccfc6d4b" outcome="Passed" testListId="8c84fa94-04c1-424b-9868-57a2d4851a1d" relativeResultsDirectory="c2f0fe7c-fb17-4048-89a6-073caea2ca5c" />
    <UnitTestResult executionId="7c46ed6f-4486-4e31-a6cd-0ce0487f0490" testId="aea61ed2-ea22-4610-0b19-1472436fb62d" testName="Karar.IntegrationTests.Security.AccessControlTests.UserEndpoint_WithoutJwt_Returns401(method: &quot;GET&quot;, path: &quot;/api/v1/users/me/blocked&quot;)" computerName="DESKTOP-H27A2S9" duration="00:00:00.0093443" startTime="2026-05-30T17:03:32.2850753+03:00" endTime="2026-05-30T17:03:32.2949208+03:00" testType="13cdc9d9-ddb5-4fa4-a97d-d965ccfc6d4b" outcome="Passed" testListId="8c84fa94-04c1-424b-9868-57a2d4851a1d" relativeResultsDirectory="7c46ed6f-4486-4e31-a6cd-0ce0487f0490" />
    <UnitTestResult executionId="cb1d3781-d132-4dd3-91d6-e796649e37d7" testId="4fcf1016-1caa-05e0-5698-0336fcd2c392" testName="Karar.IntegrationTests.Security.BolaIdrTests.AdminWriteEndpoint_WithUserJwt_Returns401(method: &quot;DELETE&quot;, pathTemplate: &quot;/api/v1/admin/automod/rules/{id}&quot;)" computerName="DESKTOP-H27A2S9" duration="00:00:09.9955078" startTime="2026-05-30T17:02:08.8562730+03:00" endTime="2026-05-30T17:02:18.8508750+03:00" testType="13cdc9d9-ddb5-4fa4-a97d-d965ccfc6d4b" outcome="Passed" testListId="8c84fa94-04c1-424b-9868-57a2d4851a1d" relativeResultsDirectory="cb1d3781-d132-4dd3-91d6-e796649e37d7" />
    <UnitTestResult executionId="36f6f325-3296-4d91-b3c4-30371d5cbf54" testId="957f5f98-b7ce-bc32-0214-06fb5df1ef62" testName="Karar.IntegrationTests.Security.AccessControlTests.UserEndpoint_WithoutJwt_Returns401(method: &quot;PUT&quot;, path: &quot;/api/v1/users/me&quot;)" computerName="DESKTOP-H27A2S9" duration="00:00:00.0059316" startTime="2026-05-30T17:03:32.3195128+03:00" endTime="2026-05-30T17:03:32.3259899+03:00" testType="13cdc9d9-ddb5-4fa4-a97d-d965ccfc6d4b" outcome="Passed" testListId="8c84fa94-04c1-424b-9868-57a2d4851a1d" relativeResultsDirectory="36f6f325-3296-4d91-b3c4-30371d5cbf54" />
    <UnitTestResult executionId="37233706-6fd1-4e0d-94ff-481ca9a5f413" testId="2e4272c1-11a2-a444-7146-340bfbb2ccb9" testName="Karar.IntegrationTests.Security.AccessControlTests.UserEndpoint_WithoutJwt_Returns401(method: &quot;GET&quot;, path: &quot;/api/v1/users/me/data-export&quot;)" computerName="DESKTOP-H27A2S9" duration="00:00:00.0082041" startTime="2026-05-30T17:03:32.3363316+03:00" endTime="2026-05-30T17:03:32.3450243+03:00" testType="13cdc9d9-ddb5-4fa4-a97d-d965ccfc6d4b" outcome="Passed" testListId="8c84fa94-04c1-424b-9868-57a2d4851a1d" relativeResultsDirectory="37233706-6fd1-4e0d-94ff-481ca9a5f413" />
    <UnitTestResult executionId="ffbb591a-f373-403b-a484-a1cd09aaaf9e" testId="49ae3825-31e7-ddd2-1771-ba7b24ce68bd" testName="Karar.IntegrationTests.Security.AccessControlTests.AdminEndpoint_WithoutAnyToken_Returns401(method: &quot;GET&quot;, path: &quot;/api/v1/admin/analytics/retention&quot;)" computerName="DESKTOP-H27A2S9" duration="00:00:09.0576508" startTime="2026-05-30T17:05:57.2621954+03:00" endTime="2026-05-30T17:06:06.3191898+03:00" testType="13cdc9d9-ddb5-4fa4-a97d-d965ccfc6d4b" outcome="Passed" testListId="8c84fa94-04c1-424b-9868-57a2d4851a1d" relativeResultsDirectory="ffbb591a-f373-403b-a484-a1cd09aaaf9e" />
  </Results>
  <TestDefinitions>
    <UnitTest name="Karar.IntegrationTests.Security.AccessControlTests.UserEndpoint_WithoutJwt_Returns401(method: &quot;GET&quot;, path: &quot;/api/v1/users/me/karma-history&quot;)" storage="c:\users\enes_\studioprojects\untitled\tests\karar.integrationtests\bin\debug\net10.0\karar.integrationtests.dll" id="3589b4e9-9bec-a0a8-5485-e8c806dc18b4">
      <Execution id="6d39be02-5451-445d-a4ae-5b56b7499bbb" />
      <TestMethod codeBase="C:\Users\enes_\StudioProjects\untitled\tests\Karar.IntegrationTests\bin\Debug\net10.0\Karar.IntegrationTests.dll" adapterTypeName="executor://xunit/VsTestRunner3/netcore/" className="Karar.IntegrationTests.Security.AccessControlTests" name="UserEndpoint_WithoutJwt_Returns401" />
    </UnitTest>
    <UnitTest name="Karar.IntegrationTests.Security.AccessControlTests.AdminEndpoint_WithoutAnyToken_Returns401(method: &quot;GET&quot;, path: &quot;/api/v1/admin/analytics/retention&quot;)" storage="c:\users\enes_\studioprojects\untitled\tests\karar.integrationtests\bin\debug\net10.0\karar.integrationtests.dll" id="49ae3825-31e7-ddd2-1771-ba7b24ce68bd">
      <Execution id="ffbb591a-f373-403b-a484-a1cd09aaaf9e" />
      <TestMethod codeBase="C:\Users\enes_\StudioProjects\untitled\tests\Karar.IntegrationTests\bin\Debug\net10.0\Karar.IntegrationTests.dll" adapterTypeName="executor://xunit/VsTestRunner3/netcore/" className="Karar.IntegrationTests.Security.AccessControlTests" name="AdminEndpoint_WithoutAnyToken_Returns401" />
    </UnitTest>
    <UnitTest name="Karar.IntegrationTests.Security.BolaIdrTests.DeleteComment_WithoutAnyToken_Returns401" storage="c:\users\enes_\studioprojects\untitled\tests\karar.integrationtests\bin\debug\net10.0\karar.integrationtests.dll" id="03b915cd-1f7a-a18d-339f-165b6f50043b">
      <Execution id="2f89cf8d-c9b6-4a40-9743-7d2fc999f0f3" />
      <TestMethod codeBase="C:\Users\enes_\StudioProjects\untitled\tests\Karar.IntegrationTests\bin\Debug\net10.0\Karar.IntegrationTests.dll" adapterTypeName="executor://xunit/VsTestRunner3/netcore/" className="Karar.IntegrationTests.Security.BolaIdrTests" name="DeleteComment_WithoutAnyToken_Returns401" />
    </UnitTest>
    <UnitTest name="Karar.IntegrationTests.Security.MassAssignmentTests.UpdateProfile_WithElevationFields_IsBlockedAtAuthLayer" storage="c:\users\enes_\studioprojects\untitled\tests\karar.integrationtests\bin\debug\net10.0\karar.integrationtests.dll" id="e43eed74-23f6-376d-8c44-e1625205db02">
      <Execution id="9d17e554-6480-4f46-b561-42abd4ce4434" />
      <TestMethod codeBase="C:\Users\enes_\StudioProjects\untitled\tests\Karar.IntegrationTests\bin\Debug\net10.0\Karar.IntegrationTests.dll" adapterTypeName="executor://xunit/VsTestRunner3/netcore/" className="Karar.IntegrationTests.Security.MassAssignmentTests" name="UpdateProfile_WithElevationFields_IsBlockedAtAuthLayer" />
    </UnitTest>
    <UnitTest name="Karar.IntegrationTests.Security.AccessControlTests.AdminEndpoint_WithoutAnyToken_Returns401(method: &quot;GET&quot;, path: &quot;/api/v1/admin/analytics/overview&quot;)" storage="c:\users\enes_\studioprojects\untitled\tests\karar.integrationtests\bin\debug\net10.0\karar.integrationtests.dll" id="aff3b242-4ac3-a542-82ce-1158a788e420">
      <Execution id="71e29ab0-c3fe-4eb9-9a77-c47e6b0f7d27" />
      <TestMethod codeBase="C:\Users\enes_\StudioProjects\untitled\tests\Karar.IntegrationTests\bin\Debug\net10.0\Karar.IntegrationTests.dll" adapterTypeName="executor://xunit/VsTestRunner3/netcore/" className="Karar.IntegrationTests.Security.AccessControlTests" name="AdminEndpoint_WithoutAnyToken_Returns401" />
    </UnitTest>
    <UnitTest name="Karar.IntegrationTests.Security.AccessControlTests.UserEndpoint_WithoutJwt_Returns401(method: &quot;GET&quot;, path: &quot;/api/v1/notifications/unread-count&quot;)" storage="c:\users\enes_\studioprojects\untitled\tests\karar.integrationtests\bin\debug\net10.0\karar.integrationtests.dll" id="667be2cc-a96a-1fea-9cf7-f5771a347422">
      <Execution id="3218e32b-8a75-416e-b51b-8ab0b5520fd5" />
      <TestMethod codeBase="C:\Users\enes_\StudioProjects\untitled\tests\Karar.IntegrationTests\bin\Debug\net10.0\Karar.IntegrationTests.dll" adapterTypeName="executor://xunit/VsTestRunner3/netcore/" className="Karar.IntegrationTests.Security.AccessControlTests" name="UserEndpoint_WithoutJwt_Returns401" />
    </UnitTest>
    <UnitTest name="Karar.IntegrationTests.Security.AccessControlTests.AdminSingleResourceEndpoint_WithUserJwt_Returns401(method: &quot;POST&quot;, pathTemplate: &quot;/api/v1/admin/users/{id}/warn&quot;)" storage="c:\users\enes_\studioprojects\untitled\tests\karar.integrationtests\bin\debug\net10.0\karar.integrationtests.dll" id="167df34c-d3dd-01b2-5ea0-a418587ad1b0">
      <Execution id="13d7f4fe-1b80-4423-a20e-6e80fec51f98" />
      <TestMethod codeBase="C:\Users\enes_\StudioProjects\untitled\tests\Karar.IntegrationTests\bin\Debug\net10.0\Karar.IntegrationTests.dll" adapterTypeName="executor://xunit/VsTestRunner3/netcore/" className="Karar.IntegrationTests.Security.AccessControlTests" name="AdminSingleResourceEndpoint_WithUserJwt_Returns401" />
    </UnitTest>
    <UnitTest name="Karar.IntegrationTests.Security.BolaIdrTests.AdminWriteEndpoint_WithUserJwt_Returns401(method: &quot;DELETE&quot;, pathTemplate: &quot;/api/v1/admin/automod/rules/{id}&quot;)" storage="c:\users\enes_\studioprojects\untitled\tests\karar.integrationtests\bin\debug\net10.0\karar.integrationtests.dll" id="4fcf1016-1caa-05e0-5698-0336fcd2c392">
      <Execution id="cb1d3781-d132-4dd3-91d6-e796649e37d7" />
      <TestMethod codeBase="C:\Users\enes_\StudioProjects\untitled\tests\Karar.IntegrationTests\bin\Debug\net10.0\Karar.IntegrationTests.dll" adapterTypeName="executor://xunit/VsTestRunner3/netcore/" className="Karar.IntegrationTests.Security.BolaIdrTests" name="AdminWriteEndpoint_WithUserJwt_Returns401" />
    </UnitTest>
    <UnitTest name="Karar.IntegrationTests.Security.BolaIdrTests.AdminWriteEndpoint_WithUserJwt_Returns401(method: &quot;DELETE&quot;, pathTemplate: &quot;/api/v1/admin/comments/{id}&quot;)" storage="c:\users\enes_\studioprojects\untitled\tests\karar.integrationtests\bin\debug\net10.0\karar.integrationtests.dll" id="ceb872da-0b06-3434-528e-6f0c00e4b1d3">
      <Execution id="b6198c57-75fa-4d14-87ca-648436191479" />
      <TestMethod codeBase="C:\Users\enes_\StudioProjects\untitled\tests\Karar.IntegrationTests\bin\Debug\net10.0\Karar.IntegrationTests.dll" adapterTypeName="executor://xunit/VsTestRunner3/netcore/" className="Karar.IntegrationTests.Security.BolaIdrTests" name="AdminWriteEndpoint_WithUserJwt_Returns401" />
    </UnitTest>
    <UnitTest name="Karar.IntegrationTests.Security.AccessControlTests.AdminSingleResourceEndpoint_WithUserJwt_Returns401(method: &quot;POST&quot;, pathTemplate: &quot;/api/v1/admin/users/{id}/strike&quot;)" storage="c:\users\enes_\studioprojects\untitled\tests\karar.integrationtests\bin\debug\net10.0\karar.integrationtests.dll" id="e23714ae-541c-abc7-e0d3-91d85874a081">
      <Execution id="2ad240e1-b498-4e5d-9005-cf53cd0e8b8a" />
      <TestMethod codeBase="C:\Users\enes_\StudioProjects\untitled\tests\Karar.IntegrationTests\bin\Debug\net10.0\Karar.IntegrationTests.dll" adapterTypeName="executor://xunit/VsTestRunner3/netcore/" className="Karar.IntegrationTests.Security.AccessControlTests" name="AdminSingleResourceEndpoint_WithUserJwt_Returns401" />
    </UnitTest>
    <UnitTest name="Karar.IntegrationTests.Security.AccessControlTests.UserEndpoint_WithoutJwt_Returns401(method: &quot;GET&quot;, path: &quot;/api/v1/users/me/posts&quot;)" storage="c:\users\enes_\studioprojects\untitled\tests\karar.integrationtests\bin\debug\net10.0\karar.integrationtests.dll" id="c47f1b8d-4d70-b9b0-8ea7-a67e3369f86e">
      <Execution id="8aa1f6fa-9325-4732-a1b9-98ef08465049" />
      <TestMethod codeBase="C:\Users\enes_\StudioProjects\untitled\tests\Karar.IntegrationTests\bin\Debug\net10.0\Karar.IntegrationTests.dll" adapterTypeName="executor://xunit/VsTestRunner3/netcore/" className="Karar.IntegrationTests.Security.AccessControlTests" name="UserEndpoint_WithoutJwt_Returns401" />
    </UnitTest>
    <UnitTest name="Karar.IntegrationTests.Security.BolaIdrTests.UnpinComment_WithoutJwt_Returns401" storage="c:\users\enes_\studioprojects\untitled\tests\karar.integrationtests\bin\debug\net10.0\karar.integrationtests.dll" id="00001cd3-42d8-dd80-2db2-0f7c5f8c5282">
      <Execution id="1287a0a3-ccd3-445c-a50a-9b4d51f1a068" />
      <TestMethod codeBase="C:\Users\enes_\StudioProjects\untitled\tests\Karar.IntegrationTests\bin\Debug\net10.0\Karar.IntegrationTests.dll" adapterTypeName="executor://xunit/VsTestRunner3/netcore/" className="Karar.IntegrationTests.Security.BolaIdrTests" name="UnpinComment_WithoutJwt_Returns401" />
    </UnitTest>
    <UnitTest name="Karar.IntegrationTests.Security.AccessControlTests.UserEndpoint_WithoutJwt_Returns401(method: &quot;POST&quot;, path: &quot;/api/v1/notifications/mute&quot;)" storage="c:\users\enes_\studioprojects\untitled\tests\karar.integrationtests\bin\debug\net10.0\karar.integrationtests.dll" id="bd88696d-2040-3fe0-6728-f8b30c969df6">
      <Execution id="8c4ec8ce-a59f-4e98-beeb-2df2951ac00d" />
      <TestMethod codeBase="C:\Users\enes_\StudioProjects\untitled\tests\Karar.IntegrationTests\bin\Debug\net10.0\Karar.IntegrationTests.dll" adapterTypeName="executor://xunit/VsTestRunner3/netcore/" className="Karar.IntegrationTests.Security.AccessControlTests" name="UserEndpoint_WithoutJwt_Returns401" />
    </UnitTest>
    <UnitTest name="Karar.IntegrationTests.Security.AccessControlTests.UserEndpoint_WithoutJwt_Returns401(method: &quot;POST&quot;, path: &quot;/api/v1/auth/2fa/enable&quot;)" storage="c:\users\enes_\studioprojects\untitled\tests\karar.integrationtests\bin\debug\net10.0\karar.integrationtests.dll" id="7eb12c0f-a846-8eb6-c3d0-384076228665">
      <Execution id="3c8dd854-a9fd-4406-8e62-60278b5fdbb3" />
      <TestMethod codeBase="C:\Users\enes_\StudioProjects\untitled\tests\Karar.IntegrationTests\bin\Debug\net10.0\Karar.IntegrationTests.dll" adapterTypeName="executor://xunit/VsTestRunner3/netcore/" className="Karar.IntegrationTests.Security.AccessControlTests" name="UserEndpoint_WithoutJwt_Returns401" />
    </UnitTest>
    <UnitTest name="Karar.IntegrationTests.Security.AccessControlTests.AdminSingleResourceEndpoint_WithUserJwt_Returns401(method: &quot;GET&quot;, pathTemplate: &quot;/api/v1/admin/archive/comments/{id}&quot;)" storage="c:\users\enes_\studioprojects\untitled\tests\karar.integrationtests\bin\debug\net10.0\karar.integrationtests.dll" id="3a6de7b0-f00f-aac6-50b8-46ddc8445509">
      <Execution id="42c8e0ba-7507-492b-b8dc-d2917daa448d" />
      <TestMethod codeBase="C:\Users\enes_\StudioProjects\untitled\tests\Karar.IntegrationTests\bin\Debug\net10.0\Karar.IntegrationTests.dll" adapterTypeName="executor://xunit/VsTestRunner3/netcore/" className="Karar.IntegrationTests.Security.AccessControlTests" name="AdminSingleResourceEndpoint_WithUserJwt_Returns401" />
    </UnitTest>
    <UnitTest name="Karar.IntegrationTests.Security.AccessControlTests.AdminEndpoint_WithoutAnyToken_Returns401(method: &quot;GET&quot;, path: &quot;/api/v1/admin/analytics/moderators&quot;)" storage="c:\users\enes_\studioprojects\untitled\tests\karar.integrationtests\bin\debug\net10.0\karar.integrationtests.dll" id="4c48f552-1f65-dd27-6c12-177f222006f5">
      <Execution id="ada09ffe-6c9c-4924-af3b-df463af517e8" />
      <TestMethod codeBase="C:\Users\enes_\StudioProjects\untitled\tests\Karar.IntegrationTests\bin\Debug\net10.0\Karar.IntegrationTests.dll" adapterTypeName="executor://xunit/VsTestRunner3/netcore/" className="Karar.IntegrationTests.Security.AccessControlTests" name="AdminEndpoint_WithoutAnyToken_Returns401" />
    </UnitTest>
    <UnitTest name="Karar.IntegrationTests.Security.AccessControlTests.UserEndpoint_WithoutJwt_Returns401(method: &quot;DELETE&quot;, path: &quot;/api/v1/users/me&quot;)" storage="c:\users\enes_\studioprojects\untitled\tests\karar.integrationtests\bin\debug\net10.0\karar.integrationtests.dll" id="5a44a7e1-e4d8-6eee-25c7-4baac4d7d128">
      <Execution id="09d29add-568e-4ae9-ac19-617eb72efb60" />
      <TestMethod codeBase="C:\Users\enes_\StudioProjects\untitled\tests\Karar.IntegrationTests\bin\Debug\net10.0\Karar.IntegrationTests.dll" adapterTypeName="executor://xunit/VsTestRunner3/netcore/" className="Karar.IntegrationTests.Security.AccessControlTests" name="UserEndpoint_WithoutJwt_Returns401" />
    </UnitTest>
    <UnitTest name="Karar.IntegrationTests.Security.AccessControlTests.UserEndpoint_WithoutJwt_Returns401(method: &quot;GET&quot;, path: &quot;/api/v1/users/me/notification-preferences&quot;)" storage="c:\users\enes_\studioprojects\untitled\tests\karar.integrationtests\bin\debug\net10.0\karar.integrationtests.dll" id="8d19bb9a-aaf3-bcd1-d5b7-0ba67a9ec47f">
      <Execution id="66eeff6e-479b-4a9c-b746-b40989150db0" />
      <TestMethod codeBase="C:\Users\enes_\StudioProjects\untitled\tests\Karar.IntegrationTests\bin\Debug\net10.0\Karar.IntegrationTests.dll" adapterTypeName="executor://xunit/VsTestRunner3/netcore/" className="Karar.IntegrationTests.Security.AccessControlTests" name="UserEndpoint_WithoutJwt_Returns401" />
    </UnitTest>
    <UnitTest name="Karar.IntegrationTests.Security.MassAssignmentTests.Login_WithExtraFields_DoesNotCrash" storage="c:\users\enes_\studioprojects\untitled\tests\karar.integrationtests\bin\debug\net10.0\karar.integrationtests.dll" id="6543e47e-edf9-019b-90bd-5a4472980aef">
      <Execution id="312cae4a-f769-4db1-aa76-6b4502ee45f3" />
      <TestMethod codeBase="C:\Users\enes_\StudioProjects\untitled\tests\Karar.IntegrationTests\bin\Debug\net10.0\Karar.IntegrationTests.dll" adapterTypeName="executor://xunit/VsTestRunner3/netcore/" className="Karar.IntegrationTests.Security.MassAssignmentTests" name="Login_WithExtraFields_DoesNotCrash" />
    </UnitTest>
    <UnitTest name="Karar.IntegrationTests.Security.AccessControlTests.UserEndpoint_WithoutJwt_Returns401(method: &quot;POST&quot;, path: &quot;/api/v1/auth/2fa/backup-codes&quot;)" storage="c:\users\enes_\studioprojects\untitled\tests\karar.integrationtests\bin\debug\net10.0\karar.integrationtests.dll" id="8ed18060-4ac3-f640-7a05-e77374141dce">
      <Execution id="b08014b7-029e-4c7d-b972-48b990a83fc1" />
      <TestMethod codeBase="C:\Users\enes_\StudioProjects\untitled\tests\Karar.IntegrationTests\bin\Debug\net10.0\Karar.IntegrationTests.dll" adapterTypeName="executor://xunit/VsTestRunner3/netcore/" className="Karar.IntegrationTests.Security.AccessControlTests" name="UserEndpoint_WithoutJwt_Returns401" />
    </UnitTest>
    <UnitTest name="Karar.IntegrationTests.Security.MassAssignmentTests.CreatePost_WithProtectedFields_IsBlockedAtAuthLayer" storage="c:\users\enes_\studioprojects\untitled\tests\karar.integrationtests\bin\debug\net10.0\karar.integrationtests.dll" id="d775806e-8824-0a4a-7ed7-9b556bd1cb6f">
      <Execution id="7447c76b-743d-48ee-b0b8-c0f78f8682a7" />
      <TestMethod codeBase="C:\Users\enes_\StudioProjects\untitled\tests\Karar.IntegrationTests\bin\Debug\net10.0\Karar.IntegrationTests.dll" adapterTypeName="executor://xunit/VsTestRunner3/netcore/" className="Karar.IntegrationTests.Security.MassAssignmentTests" name="CreatePost_WithProtectedFields_IsBlockedAtAuthLayer" />
    </UnitTest>
    <UnitTest name="Karar.IntegrationTests.Security.AccessControlTests.AdminEndpoint_WithoutAnyToken_Returns401(method: &quot;GET&quot;, path: &quot;/api/v1/admin/comments&quot;)" storage="c:\users\enes_\studioprojects\untitled\tests\karar.integrationtests\bin\debug\net10.0\karar.integrationtests.dll" id="c316ae89-ebc0-3c70-a671-41308b85eef3">
      <Execution id="560970ad-ef14-440e-8164-5e87c89e4a98" />
      <TestMethod codeBase="C:\Users\enes_\StudioProjects\untitled\tests\Karar.IntegrationTests\bin\Debug\net10.0\Karar.IntegrationTests.dll" adapterTypeName="executor://xunit/VsTestRunner3/netcore/" className="Karar.IntegrationTests.Security.AccessControlTests" name="AdminEndpoint_WithoutAnyToken_Returns401" />
    </UnitTest>
    <UnitTest name="Karar.IntegrationTests.Security.BolaIdrTests.FeaturePost_WithUserJwt_Returns401" storage="c:\users\enes_\studioprojects\untitled\tests\karar.integrationtests\bin\debug\net10.0\karar.integrationtests.dll" id="857ef539-bcc9-c48f-2d17-5f9d58bec322">
      <Execution id="6851d5aa-0374-4c03-8932-049724f4d63c" />
      <TestMethod codeBase="C:\Users\enes_\StudioProjects\untitled\tests\Karar.IntegrationTests\bin\Debug\net10.0\Karar.IntegrationTests.dll" adapterTypeName="executor://xunit/VsTestRunner3/netcore/" className="Karar.IntegrationTests.Security.BolaIdrTests" name="FeaturePost_WithUserJwt_Returns401" />
    </UnitTest>
    <UnitTest name="Karar.IntegrationTests.Security.BolaIdrTests.PostStats_WithoutAnyToken_Returns401" storage="c:\users\enes_\studioprojects\untitled\tests\karar.integrationtests\bin\debug\net10.0\karar.integrationtests.dll" id="d81c8d79-b720-22e0-2af1-6af224c9c31d">
      <Execution id="8269e1a5-551b-4c5a-a59d-eb3aaca1dbea" />
      <TestMethod codeBase="C:\Users\enes_\StudioProjects\untitled\tests\Karar.IntegrationTests\bin\Debug\net10.0\Karar.IntegrationTests.dll" adapterTypeName="executor://xunit/VsTestRunner3/netcore/" className="Karar.IntegrationTests.Security.BolaIdrTests" name="PostStats_WithoutAnyToken_Returns401" />
    </UnitTest>
    <UnitTest name="Karar.IntegrationTests.Security.AccessControlTests.AdminEndpoint_WithoutAnyToken_Returns401(method: &quot;GET&quot;, path: &quot;/api/v1/admin/analytics/moderation&quot;)" storage="c:\users\enes_\studioprojects\untitled\tests\karar.integrationtests\bin\debug\net10.0\karar.integrationtests.dll" id="8a99fdc7-64aa-4525-d4bf-9cd97589beb5">
      <Execution id="52552185-c0d0-4778-9dcc-b69d1ddaeb08" />
      <TestMethod codeBase="C:\Users\enes_\StudioProjects\untitled\tests\Karar.IntegrationTests\bin\Debug\net10.0\Karar.IntegrationTests.dll" adapterTypeName="executor://xunit/VsTestRunner3/netcore/" className="Karar.IntegrationTests.Security.AccessControlTests" name="AdminEndpoint_WithoutAnyToken_Returns401" />
    </UnitTest>
    <UnitTest name="Karar.IntegrationTests.Security.AccessControlTests.UserEndpoint_WithoutJwt_Returns401(method: &quot;POST&quot;, path: &quot;/api/v1/auth/2fa/disable&quot;)" storage="c:\users\enes_\studioprojects\untitled\tests\karar.integrationtests\bin\debug\net10.0\karar.integrationtests.dll" id="ed1bd844-9a7a-46b9-e612-e3bd98b8bef2">
      <Execution id="a11589ed-e8cc-4b98-a25b-da6ed2e74bb5" />
      <TestMethod codeBase="C:\Users\enes_\StudioProjects\untitled\tests\Karar.IntegrationTests\bin\Debug\net10.0\Karar.IntegrationTests.dll" adapterTypeName="executor://xunit/VsTestRunner3/netcore/" className="Karar.IntegrationTests.Security.AccessControlTests" name="UserEndpoint_WithoutJwt_Returns401" />
    </UnitTest>
[...]
   at Npgsql.NpgsqlConnection.&lt;Open&gt;g__OpenAsync|42_0(Boolean async, CancellationToken cancellationToken)&#xD;
   at Npgsql.NpgsqlDataSource.OpenConnectionAsync(CancellationToken cancellationToken)&#xD;
   at Npgsql.NpgsqlDataSource.OpenConnectionAsync(CancellationToken cancellationToken)&#xD;
   at Karar.Api.Data.Db.OpenConnectionAsync() in C:\Users\enes_\StudioProjects\untitled\backend\Karar.Api\Data\Db.cs:line 39&#xD;
   at Karar.Api.Common.Middleware.AdminSecurityMiddleware.LogUnauthorizedAccessAsync(String ip, String method, PathString path, Int32 statusCode) in C:\Users\enes_\StudioProjects\untitled\backend\Karar.Api\Common\Middleware\AdminSecurityMiddleware.cs:line 101&#xD;
[17:08:16 INF] Karar.Api.Common.Middleware.RedactedRequestLoggingMiddleware: HTTP GET /api/v1/admin/analytics/feed-quality/timeseries responded 401 in 10343ms from unknown headers &#xD;
[17:08:22 ERR] Karar.Api.Services.RedisService: Rate limit kontrol� ba�ar�s�z: rl:admin-api:unknown&#xD;
StackExchange.Redis.RedisConnectionException: The message timed out in the backlog attempting to send because no connection became available (5000ms) - Last Connection Exception: It was not possible to connect to the redis server(s). ConnectTimeout, command=EVAL, timeout: 5000, inst: 0, qu: 0, qs: 0, aw: False, bw: CheckingForTimeout, rs: NotStarted, ws: Initializing, in: 0, last-in: 0, cur-in: 0, sync-ops: 0, async-ops: 34, serverEndpoint: localhost:6379, conn-sec: n/a, aoc: 0, mc: 1/1/0, mgr: 10 of 10 available, clientName: DESKTOP-H27A2S9(SE.Redis-v2.8.16.12844), IOCP: (Busy=0,Free=1000,Min=1,Max=1000), WORKER: (Busy=2,Free=32765,Min=4,Max=32767), POOL: (Threads=5,QueuedItems=0,CompletedItems=28206,Timers=12), v: 2.8.16.12844 (Please take a look at this article for some common client-side issues that can cause timeouts: https://stackexchange.github.io/StackExchange.Redis/Timeouts)&#xD;
 ---&gt; StackExchange.Redis.RedisConnectionException: It was not possible to connect to the redis server(s). ConnectTimeout&#xD;
   --- End of inner exception stack trace ---&#xD;
   at StackExchange.Redis.RedisDatabase.ScriptEvaluateAsync(String script, RedisKey[] keys, RedisValue[] values, CommandFlags flags) in /_/src/StackExchange.Redis/RedisDatabase.cs:line 1645&#xD;
   at Karar.Api.Services.RedisService.IsAllowedAsync(String endpoint, String identity, Int32 limit, TimeSpan window) in C:\Users\enes_\StudioProjects\untitled\backend\Karar.Api\Services\RedisService.cs:line 165&#xD;
[17:08:26 WRN] Karar.Api.Common.Middleware.AdminSecurityMiddleware: Admin yetkisiz eri�im logu yaz�lamad�: GET /api/v1/admin/automod/rules&#xD;
Npgsql.NpgsqlException (0x80004005): Failed to connect to 127.0.0.1:5432&#xD;
 ---&gt; System.Net.Sockets.SocketException (10061): Hedef makine etkin olarak reddetti�inden ba�lant� kurulamad�.&#xD;
   at System.Threading.Tasks.ValueTask.ValueTaskSourceAsTask.&lt;&gt;c.&lt;.cctor&gt;b__4_0(Object state)&#xD;
--- End of stack trace from previous location ---&#xD;
   at Npgsql.TaskTimeoutAndCancellation.ExecuteAsync(Func`2 getTaskFunc, NpgsqlTimeout timeout, CancellationToken cancellationToken)&#xD;
   at Npgsql.Internal.NpgsqlConnector.ConnectAsync(NpgsqlTimeout timeout, CancellationToken cancellationToken)&#xD;
   at Npgsql.Internal.NpgsqlConnector.ConnectAsync(NpgsqlTimeout timeout, CancellationToken cancellationToken)&#xD;
   at Npgsql.Internal.NpgsqlConnector.RawOpen(SslMode sslMode, NpgsqlTimeout timeout, Boolean async, CancellationToken cancellationToken, Boolean isFirstAttempt)&#xD;
   at Npgsql.Internal.NpgsqlConnector.&lt;Open&gt;g__OpenCore|213_1(NpgsqlConnector conn, SslMode sslMode, NpgsqlTimeout timeout, Boolean async, CancellationToken cancellationToken, Boolean isFirstAttempt)&#xD;
   at Npgsql.Internal.NpgsqlConnector.Open(NpgsqlTimeout timeout, Boolean async, CancellationToken cancellationToken)&#xD;
   at Npgsql.PoolingDataSource.OpenNewConnector(NpgsqlConnection conn, NpgsqlTimeout timeout, Boolean async, CancellationToken cancellationToken)&#xD;
   at Npgsql.PoolingDataSource.&lt;Get&gt;g__RentAsync|33_0(NpgsqlConnection conn, NpgsqlTimeout timeout, Boolean async, CancellationToken cancellationToken)&#xD;
   at Npgsql.NpgsqlConnection.&lt;Open&gt;g__OpenAsync|42_0(Boolean async, CancellationToken cancellationToken)&#xD;
   at Npgsql.NpgsqlDataSource.OpenConnectionAsync(CancellationToken cancellationToken)&#xD;
   at Npgsql.NpgsqlDataSource.OpenConnectionAsync(CancellationToken cancellationToken)&#xD;
   at Karar.Api.Data.Db.OpenConnectionAsync() in C:\Users\enes_\StudioProjects\untitled\backend\Karar.Api\Data\Db.cs:line 39&#xD;
   at Karar.Api.Common.Middleware.AdminSecurityMiddleware.LogUnauthorizedAccessAsync(String ip, String method, PathString path, Int32 statusCode) in C:\Users\enes_\StudioProjects\untitled\backend\Karar.Api\Common\Middleware\AdminSecurityMiddleware.cs:line 101&#xD;
[17:08:26 INF] Karar.Api.Common.Middleware.RedactedRequestLoggingMiddleware: HTTP GET /api/v1/admin/automod/rules responded 401 in 9607ms from unknown headers &#xD;
[17:08:32 ERR] Karar.Api.Services.RedisService: Rate limit kontrol� ba�ar�s�z: rl:admin-api:unknown&#xD;
StackExchange.Redis.RedisConnectionException: The message timed out in the backlog attempting to send because no connection became available (5000ms) - Last Connection Exception: It was not possible to connect to the redis server(s). ConnectTimeout, command=EVAL, timeout: 5000, inst: 0, qu: 0, qs: 0, aw: False, bw: CheckingForTimeout, rs: NotStarted, ws: Idle, in: 0, last-in: 0, cur-in: 0, sync-ops: 0, async-ops: 35, serverEndpoint: localhost:6379, conn-sec: n/a, aoc: 0, mc: 1/1/0, mgr: 10 of 10 available, clientName: DESKTOP-H27A2S9(SE.Redis-v2.8.16.12844), IOCP: (Busy=0,Free=1000,Min=1,Max=1000), WORKER: (Busy=4,Free=32763,Min=4,Max=32767), POOL: (Threads=5,QueuedItems=0,CompletedItems=28912,Timers=11), v: 2.8.16.12844 (Please take a look at this article for some common client-side issues that can cause timeouts: https://stackexchange.github.io/StackExchange.Redis/Timeouts)&#xD;
 ---&gt; StackExchange.Redis.RedisConnectionException: It was not possible to connect to the redis server(s). ConnectTimeout&#xD;
   --- End of inner exception stack trace ---&#xD;
   at StackExchange.Redis.RedisDatabase.ScriptEvaluateAsync(String script, RedisKey[] keys, RedisValue[] values, CommandFlags flags) in /_/src/StackExchange.Redis/RedisDatabase.cs:line 1645&#xD;
   at Karar.Api.Services.RedisService.IsAllowedAsync(String endpoint, String identity, Int32 limit, TimeSpan window) in C:\Users\enes_\StudioProjects\untitled\backend\Karar.Api\Services\RedisService.cs:line 165&#xD;
[17:08:36 WRN] Karar.Api.Common.Middleware.AdminSecurityMiddleware: Admin yetkisiz eri�im logu yaz�lamad�: GET /api/v1/admin/categories/health&#xD;
Npgsql.NpgsqlException (0x80004005): Failed to connect to 127.0.0.1:5432&#xD;
 ---&gt; System.Net.Sockets.SocketException (10061): Hedef makine etkin olarak reddetti�inden ba�lant� kurulamad�.&#xD;
   at System.Threading.Tasks.ValueTask.ValueTaskSourceAsTask.&lt;&gt;c.&lt;.cctor&gt;b__4_0(Object state)&#xD;
--- End of stack trace from previous location ---&#xD;
   at Npgsql.TaskTimeoutAndCancellation.ExecuteAsync(Func`2 getTaskFunc, NpgsqlTimeout timeout, CancellationToken cancellationToken)&#xD;
   at Npgsql.Internal.NpgsqlConnector.ConnectAsync(NpgsqlTimeout timeout, CancellationToken cancellationToken)&#xD;
   at Npgsql.Internal.NpgsqlConnector.ConnectAsync(NpgsqlTimeout timeout, CancellationToken cancellationToken)&#xD;
   at Npgsql.Internal.NpgsqlConnector.RawOpen(SslMode sslMode, NpgsqlTimeout timeout, Boolean async, CancellationToken cancellationToken, Boolean isFirstAttempt)&#xD;
   at Npgsql.Internal.NpgsqlConnector.&lt;Open&gt;g__OpenCore|213_1(NpgsqlConnector conn, SslMode sslMode, NpgsqlTimeout timeout, Boolean async, CancellationToken cancellationToken, Boolean isFirstAttempt)&#xD;
   at Npgsql.Internal.NpgsqlConnector.Open(NpgsqlTimeout timeout, Boolean async, CancellationToken cancellationToken)&#xD;
   at Npgsql.PoolingDataSource.OpenNewConnector(NpgsqlConnection conn, NpgsqlTimeout timeout, Boolean async, CancellationToken cancellationToken)&#xD;
   at Npgsql.PoolingDataSource.&lt;Get&gt;g__RentAsync|33_0(NpgsqlConnection conn, NpgsqlTimeout timeout, Boolean async, CancellationToken cancellationToken)&#xD;
   at Npgsql.NpgsqlConnection.&lt;Open&gt;g__OpenAsync|42_0(Boolean async, CancellationToken cancellationToken)&#xD;
   at Npgsql.NpgsqlDataSource.OpenConnectionAsync(CancellationToken cancellationToken)&#xD;
   at Npgsql.NpgsqlDataSource.OpenConnectionAsync(CancellationToken cancellationToken)&#xD;
   at Karar.Api.Data.Db.OpenConnectionAsync() in C:\Users\enes_\StudioProjects\untitled\backend\Karar.Api\Data\Db.cs:line 39&#xD;
   at Karar.Api.Common.Middleware.AdminSecurityMiddleware.LogUnauthorizedAccessAsync(String ip, String method, PathString path, Int32 statusCode) in C:\Users\enes_\StudioProjects\untitled\backend\Karar.Api\Common\Middleware\AdminSecurityMiddleware.cs:line 101&#xD;
[17:08:36 INF] Karar.Api.Common.Middleware.RedactedRequestLoggingMiddleware: HTTP GET /api/v1/admin/categories/health responded 401 in 10006ms from unknown headers &#xD;
[17:08:42 ERR] Karar.Api.Services.RedisService: Rate limit kontrol� ba�ar�s�z: rl:admin-api:unknown&#xD;
StackExchange.Redis.RedisConnectionException: The message timed out in the backlog attempting to send because no connection became available (5000ms) - Last Connection Exception: It was not possible to connect to the redis server(s). ConnectTimeout, command=EVAL, timeout: 5000, inst: 0, qu: 0, qs: 0, aw: False, bw: CheckingForTimeout, rs: NotStarted, ws: Idle, in: 0, last-in: 0, cur-in: 0, sync-ops: 0, async-ops: 36, serverEndpoint: localhost:6379, conn-sec: n/a, aoc: 0, mc: 1/1/0, mgr: 10 of 10 available, clientName: DESKTOP-H27A2S9(SE.Redis-v2.8.16.12844), IOCP: (Busy=0,Free=1000,Min=1,Max=1000), WORKER: (Busy=2,Free=32765,Min=4,Max=32767), POOL: (Threads=5,QueuedItems=0,CompletedItems=29652,Timers=11), v: 2.8.16.12844 (Please take a look at this article for some common client-side issues that can cause timeouts: https://stackexchange.github.io/StackExchange.Redis/Timeouts)&#xD;
 ---&gt; StackExchange.Redis.RedisConnectionException: It was not possible to connect to the redis server(s). ConnectTimeout&#xD;
   --- End of inner exception stack trace ---&#xD;
   at StackExchange.Redis.RedisDatabase.ScriptEvaluateAsync(String script, RedisKey[] keys, RedisValue[] values, CommandFlags flags) in /_/src/StackExchange.Redis/RedisDatabase.cs:line 1645&#xD;
   at Karar.Api.Services.RedisService.IsAllowedAsync(String endpoint, String identity, Int32 limit, TimeSpan window) in C:\Users\enes_\StudioProjects\untitled\backend\Karar.Api\Services\RedisService.cs:line 165&#xD;
[17:08:46 WRN] Karar.Api.Common.Middleware.AdminSecurityMiddleware: Admin yetkisiz eri�im logu yaz�lamad�: GET /api/v1/admin/analytics/moderators&#xD;
Npgsql.NpgsqlException (0x80004005): Failed to connect to 127.0.0.1:5432&#xD;
 ---&gt; System.Net.Sockets.SocketException (10061): Hedef makine etkin olarak reddetti�inden ba�lant� kurulamad�.&#xD;
   at System.Threading.Tasks.ValueTask.ValueTaskSourceAsTask.&lt;&gt;c.&lt;.cctor&gt;b__4_0(Object state)&#xD;
--- End of stack trace from previous location ---&#xD;
   at Npgsql.TaskTimeoutAndCancellation.ExecuteAsync(Func`2 getTaskFunc, NpgsqlTimeout timeout, CancellationToken cancellationToken)&#xD;
   at Npgsql.Internal.NpgsqlConnector.ConnectAsync(NpgsqlTimeout timeout, CancellationToken cancellationToken)&#xD;
   at Npgsql.Internal.NpgsqlConnector.ConnectAsync(NpgsqlTimeout timeout, CancellationToken cancellationToken)&#xD;
   at Npgsql.Internal.NpgsqlConnector.RawOpen(SslMode sslMode, NpgsqlTimeout timeout, Boolean async, CancellationToken cancellationToken, Boolean isFirstAttempt)&#xD;
   at Npgsql.Internal.NpgsqlConnector.&lt;Open&gt;g__OpenCore|213_1(NpgsqlConnector conn, SslMode sslMode, NpgsqlTimeout timeout, Boolean async, CancellationToken cancellationToken, Boolean isFirstAttempt)&#xD;
   at Npgsql.Internal.NpgsqlConnector.Open(NpgsqlTimeout timeout, Boolean async, CancellationToken cancellationToken)&#xD;
   at Npgsql.PoolingDataSource.OpenNewConnector(NpgsqlConnection conn, NpgsqlTimeout timeout, Boolean async, CancellationToken cancellationToken)&#xD;
   at Npgsql.PoolingDataSource.&lt;Get&gt;g__RentAsync|33_0(NpgsqlConnection conn, NpgsqlTimeout timeout, Boolean async, CancellationToken cancellationToken)&#xD;
   at Npgsql.NpgsqlConnection.&lt;Open&gt;g__OpenAsync|42_0(Boolean async, CancellationToken cancellationToken)&#xD;
   at Npgsql.NpgsqlDataSource.OpenConnectionAsync(CancellationToken cancellationToken)&#xD;
   at Npgsql.NpgsqlDataSource.OpenConnectionAsync(CancellationToken cancellationToken)&#xD;
   at Karar.Api.Data.Db.OpenConnectionAsync() in C:\Users\enes_\StudioProjects\untitled\backend\Karar.Api\Data\Db.cs:line 39&#xD;
   at Karar.Api.Common.Middleware.AdminSecurityMiddleware.LogUnauthorizedAccessAsync(String ip, String method, PathString path, Int32 statusCode) in C:\Users\enes_\StudioProjects\untitled\backend\Karar.Api\Common\Middleware\AdminSecurityMiddleware.cs:line 101&#xD;
[17:08:46 INF] Karar.Api.Common.Middleware.RedactedRequestLoggingMiddleware: HTTP GET /api/v1/admin/analytics/moderators responded 401 in 9979ms from unknown headers &#xD;
[17:08:52 ERR] Karar.Api.Services.RedisService: Rate limit kontrol� ba�ar�s�z: rl:admin-api:unknown&#xD;
StackExchange.Redis.RedisConnectionException: The message timed out in the backlog attempting to send because no connection became available (5000ms) - Last Connection Exception: It was not possible to connect to the redis server(s). ConnectTimeout, command=EVAL, timeout: 5000, inst: 0, qu: 0, qs: 0, aw: False, bw: CheckingForTimeout, rs: NotStarted, ws: Idle, in: 0, last-in: 0, cur-in: 0, sync-ops: 0, async-ops: 37, serverEndpoint: localhost:6379, conn-sec: n/a, aoc: 0, mc: 1/1/0, mgr: 10 of 10 available, clientName: DESKTOP-H27A2S9(SE.Redis-v2.8.16.12844), IOCP: (Busy=0,Free=1000,Min=1,Max=1000), WORKER: (Busy=2,Free=32765,Min=4,Max=32767), POOL: (Threads=6,QueuedItems=0,CompletedItems=30380,Timers=11), v: 2.8.16.12844 (Please take a look at this article for some common client-side issues that can cause timeouts: https://stackexchange.github.io/StackExchange.Redis/Timeouts)&#xD;
 ---&gt; StackExchange.Redis.RedisConnectionException: It was not possible to connect to the redis server(s). ConnectTimeout&#xD;
   --- End of inner exception stack trace ---&#xD;
   at StackExchange.Redis.RedisDatabase.ScriptEvaluateAsync(String script, RedisKey[] keys, RedisValue[] values, CommandFlags flags) in /_/src/StackExchange.Redis/RedisDatabase.cs:line 1645&#xD;
   at Karar.Api.Services.RedisService.IsAllowedAsync(String endpoint, String identity, Int32 limit, TimeSpan window) in C:\Users\enes_\StudioProjects\untitled\backend\Karar.Api\Services\RedisService.cs:line 165&#xD;
[17:08:56 WRN] Karar.Api.Common.Middleware.AdminSecurityMiddleware: Admin yetkisiz eri�im logu yaz�lamad�: GET /api/v1/admin/actions&#xD;
Npgsql.NpgsqlException (0x80004005): Failed to connect to 127.0.0.1:5432&#xD;
 ---&gt; System.Net.Sockets.SocketException (10061): Hedef makine etkin olarak reddetti�inden ba�lant� kurulamad�.&#xD;
   at System.Threading.Tasks.ValueTask.ValueTaskSourceAsTask.&lt;&gt;c.&lt;.cctor&gt;b__4_0(Object state)&#xD;
--- End of stack trace from previous location ---&#xD;
   at Npgsql.TaskTimeoutAndCancellation.ExecuteAsync(Func`2 getTaskFunc, NpgsqlTimeout timeout, CancellationToken cancellationToken)&#xD;
   at Npgsql.Internal.NpgsqlConnector.ConnectAsync(NpgsqlTimeout timeout, CancellationToken cancellationToken)&#xD;
   at Npgsql.Internal.NpgsqlConnector.ConnectAsync(NpgsqlTimeout timeout, CancellationToken cancellationToken)&#xD;
   at Npgsql.Internal.NpgsqlConnector.RawOpen(SslMode sslMode, NpgsqlTimeout timeout, Boolean async, CancellationToken cancellationToken, Boolean isFirstAttempt)&#xD;
   at Npgsql.Internal.NpgsqlConnector.&lt;Open&gt;g__OpenCore|213_1(NpgsqlConnector conn, SslMode sslMode, NpgsqlTimeout timeout, Boolean async, CancellationToken cancellationToken, Boolean isFirstAttempt)&#xD;
   at Npgsql.Internal.NpgsqlConnector.Open(NpgsqlTimeout timeout, Boolean async, CancellationToken cancellationToken)&#xD;
   at Npgsql.PoolingDataSource.OpenNewConnector(NpgsqlConnection conn, NpgsqlTimeout timeout, Boolean async, CancellationToken cancellationToken)&#xD;
   at Npgsql.PoolingDataSource.&lt;Get&gt;g__RentAsync|33_0(NpgsqlConnection conn, NpgsqlTimeout timeout, Boolean async, CancellationToken cancellationToken)&#xD;
   at Npgsql.NpgsqlConnection.&lt;Open&gt;g__OpenAsync|42_0(Boolean async, CancellationToken cancellationToken)&#xD;
   at Npgsql.NpgsqlDataSource.OpenConnectionAsync(CancellationToken cancellationToken)&#xD;
   at Npgsql.NpgsqlDataSource.OpenConnectionAsync(CancellationToken cancellationToken)&#xD;
   at Karar.Api.Data.Db.OpenConnectionAsync() in C:\Users\enes_\StudioProjects\untitled\backend\Karar.Api\Data\Db.cs:line 39&#xD;
   at Karar.Api.Common.Middleware.AdminSecurityMiddleware.LogUnauthorizedAccessAsync(String ip, String method, PathString path, Int32 statusCode) in C:\Users\enes_\StudioProjects\untitled\backend\Karar.Api\Common\Middleware\AdminSecurityMiddleware.cs:line 101&#xD;
[17:08:56 INF] Karar.Api.Common.Middleware.RedactedRequestLoggingMiddleware: HTTP GET /api/v1/admin/actions responded 401 in 9978ms from unknown headers &#xD;
</StdOut>
    </Output>
    <RunInfos>
      <RunInfo computerName="DESKTOP-H27A2S9" outcome="Error" timestamp="2026-05-30T17:03:50.2763636+03:00">
        <Text>[xUnit.net 00:03:06.08]     Karar.IntegrationTests.Security.AccessControlTests.AdminSingleResourceEndpoint_WithUserJwt_Returns401(method: "POST", pathTemplate: "/api/v1/admin/archive/comments/{id}/restore") [FAIL]</Text>
      </RunInfo>
      <RunInfo computerName="DESKTOP-H27A2S9" outcome="Error" timestamp="2026-05-30T17:04:26.2604611+03:00">
        <Text>[xUnit.net 00:03:42.06]     Karar.IntegrationTests.Security.AccessControlTests.AdminSingleResourceEndpoint_WithUserJwt_Returns401(method: "GET", pathTemplate: "/api/v1/admin/archive/posts/{id}") [FAIL]</Text>
      </RunInfo>
      <RunInfo computerName="DESKTOP-H27A2S9" outcome="Error" timestamp="2026-05-30T17:04:41.2732746+03:00">
        <Text>[xUnit.net 00:03:57.08]     Karar.IntegrationTests.Security.AccessControlTests.AdminSingleResourceEndpoint_WithUserJwt_Returns401(method: "POST", pathTemplate: "/api/v1/admin/users/{id}/strike") [FAIL]</Text>
      </RunInfo>
      <RunInfo computerName="DESKTOP-H27A2S9" outcome="Error" timestamp="2026-05-30T17:04:57.2627115+03:00">
        <Text>[xUnit.net 00:04:13.07]     Karar.IntegrationTests.Security.AccessControlTests.AdminSingleResourceEndpoint_WithUserJwt_Returns401(method: "GET", pathTemplate: "/api/v1/admin/archive/comments/{id}") [FAIL]</Text>
      </RunInfo>
      <RunInfo computerName="DESKTOP-H27A2S9" outcome="Error" timestamp="2026-05-30T17:05:02.2578523+03:00">
        <Text>[xUnit.net 00:04:18.06]     Karar.IntegrationTests.Security.AccessControlTests.AdminSingleResourceEndpoint_WithUserJwt_Returns401(method: "GET", pathTemplate: "/api/v1/admin/categories/{id}/throttle") [FAIL]</Text>
      </RunInfo>
      <RunInfo computerName="DESKTOP-H27A2S9" outcome="Error" timestamp="2026-05-30T17:05:57.2612880+03:00">
        <Text>[xUnit.net 00:05:13.06]     Karar.IntegrationTests.Security.AccessControlTests.AdminSingleResourceEndpoint_WithUserJwt_Returns401(method: "POST", pathTemplate: "/api/v1/admin/archive/posts/{id}/restore") [FAIL]</Text>
      </RunInfo>
      <RunInfo computerName="DESKTOP-H27A2S9" outcome="Error" timestamp="2026-05-30T17:08:59.0608233+03:00">
        <Text>Etkin test çalıştırması iptal edildi. Nedeni: Test ana işlemi kilitlendi</Text>
      </RunInfo>
    </RunInfos>
  </ResultSummary>
</TestRun>